MongoServerSelectionError: connect ECONNREFUSED 127.0.0.1:27017, 1687602506032-c3f3-4bb4-950f-1687602506032-Sat Jun 24 2023 13:28:26 GMT+0300 (East Africa Time)

MongoTopologyClosedError: Topology is closed, 1687602511091-c3f3-4bb4-950f-1687602511091-Sat Jun 24 2023 13:28:31 GMT+0300 (East Africa Time)

MongoTopologyClosedError: Topology is closed, 1687602564322-c3f3-4bb4-950f-1687602564322-Sat Jun 24 2023 13:29:24 GMT+0300 (East Africa Time)

MongoTopologyClosedError: Topology is closed, 1687602571183-c3f3-4bb4-950f-1687602571183-Sat Jun 24 2023 13:29:31 GMT+0300 (East Africa Time)

MongoTopologyClosedError: Topology is closed, 1687602609249-c3f3-4bb4-950f-1687602609249-Sat Jun 24 2023 13:30:09 GMT+0300 (East Africa Time)

***********NOT FOUND: Request from ::1 on GET /favicon.ico Sun Jul 09 2023 15:17:50 GMT+0300 (East Africa Time), 1688905070687-c3f3-4bb4-950f-1688905070687-Sun Jul 09 2023 15:17:50 GMT+0300 (East Africa Time)

***********NOT FOUND: Request from ::1 on GET /juma Sun Jul 09 2023 15:30:56 GMT+0300 (East Africa Time), 1688905856140-c3f3-4bb4-950f-1688905856140-Sun Jul 09 2023 15:30:56 GMT+0300 (East Africa Time)

***********NOT FOUND: Request from ::1 on GET /juma Sun Jul 09 2023 15:31:07 GMT+0300 (East Africa Time), 1688905867361-c3f3-4bb4-950f-1688905867361-Sun Jul 09 2023 15:31:07 GMT+0300 (East Africa Time)

undefined, 1688905889157-c3f3-4bb4-950f-1688905889157-Sun Jul 09 2023 15:31:29 GMT+0300 (East Africa Time)

***********NOT FOUND: Request from ::1 on GET /juma Sun Jul 09 2023 15:34:57 GMT+0300 (East Africa Time), 1688906097588-c3f3-4bb4-950f-1688906097588-Sun Jul 09 2023 15:34:57 GMT+0300 (East Africa Time)

***********NOT FOUND: Request from ::1 on GET /student Sun Jul 09 2023 15:35:02 GMT+0300 (East Africa Time), 1688906102173-c3f3-4bb4-950f-1688906102173-Sun Jul 09 2023 15:35:02 GMT+0300 (East Africa Time)

MongoServerSelectionError: connect ECONNREFUSED 127.0.0.1:27017, 1688906137364-c3f3-4bb4-950f-1688906137364-Sun Jul 09 2023 15:35:37 GMT+0300 (East Africa Time)

MongoTopologyClosedError: Topology is closed, 1688906217789-c3f3-4bb4-950f-1688906217789-Sun Jul 09 2023 15:36:57 GMT+0300 (East Africa Time)

MongoServerSelectionError: connect ECONNREFUSED 127.0.0.1:27017
    at Timeout._onTimeout (/var/www/html/mrwilbroad/ANGULARJS_FRAMEWORK/PROJECTA/nodeexpress/node_modules/mongodb/lib/sdam/topology.js:278:38)
    at listOnTimeout (node:internal/timers:569:17)
    at process.processTimers (node:internal/timers:512:7), 1688906281877-c3f3-4bb4-950f-1688906281877-Sun Jul 09 2023 15:38:01 GMT+0300 (East Africa Time)

MongoTopologyClosedError: Topology is closed
    at processWaitQueue (/var/www/html/mrwilbroad/ANGULARJS_FRAMEWORK/PROJECTA/nodeexpress/node_modules/mongodb/lib/sdam/topology.js:514:46)
    at Topology.selectServer (/var/www/html/mrwilbroad/ANGULARJS_FRAMEWORK/PROJECTA/nodeexpress/node_modules/mongodb/lib/sdam/topology.js:283:9)
    at Topology.<anonymous> (/var/www/html/mrwilbroad/ANGULARJS_FRAMEWORK/PROJECTA/nodeexpress/node_modules/mongodb/lib/sdam/topology.js:42:94)
    at node:internal/util:375:7
    at new Promise (<anonymous>)
    at Topology.selectServerAsync (node:internal/util:361:12)
    at executeOperationAsync (/var/www/html/mrwilbroad/ANGULARJS_FRAMEWORK/PROJECTA/nodeexpress/node_modules/mongodb/lib/operations/execute_operation.js:74:35)
    at /var/www/html/mrwilbroad/ANGULARJS_FRAMEWORK/PROJECTA/nodeexpress/node_modules/mongodb/lib/operations/execute_operation.js:12:45
    at maybeCallback (/var/www/html/mrwilbroad/ANGULARJS_FRAMEWORK/PROJECTA/nodeexpress/node_modules/mongodb/lib/utils.js:290:21)
    at executeOperation (/var/www/html/mrwilbroad/ANGULARJS_FRAMEWORK/PROJECTA/nodeexpress/node_modules/mongodb/lib/operations/execute_operation.js:12:38), 1688906358712-c3f3-4bb4-950f-1688906358712-Sun Jul 09 2023 15:39:18 GMT+0300 (East Africa Time)

MongoTopologyClosedError: Topology is closed
    at processWaitQueue (/var/www/html/mrwilbroad/ANGULARJS_FRAMEWORK/PROJECTA/nodeexpress/node_modules/mongodb/lib/sdam/topology.js:514:46)
    at Topology.selectServer (/var/www/html/mrwilbroad/ANGULARJS_FRAMEWORK/PROJECTA/nodeexpress/node_modules/mongodb/lib/sdam/topology.js:283:9)
    at Topology.<anonymous> (/var/www/html/mrwilbroad/ANGULARJS_FRAMEWORK/PROJECTA/nodeexpress/node_modules/mongodb/lib/sdam/topology.js:42:94)
    at node:internal/util:375:7
    at new Promise (<anonymous>)
    at Topology.selectServerAsync (node:internal/util:361:12)
    at executeOperationAsync (/var/www/html/mrwilbroad/ANGULARJS_FRAMEWORK/PROJECTA/nodeexpress/node_modules/mongodb/lib/operations/execute_operation.js:74:35)
    at /var/www/html/mrwilbroad/ANGULARJS_FRAMEWORK/PROJECTA/nodeexpress/node_modules/mongodb/lib/operations/execute_operation.js:12:45
    at maybeCallback (/var/www/html/mrwilbroad/ANGULARJS_FRAMEWORK/PROJECTA/nodeexpress/node_modules/mongodb/lib/utils.js:290:21)
    at executeOperation (/var/www/html/mrwilbroad/ANGULARJS_FRAMEWORK/PROJECTA/nodeexpress/node_modules/mongodb/lib/operations/execute_operation.js:12:38), 1688906360786-c3f3-4bb4-950f-1688906360786-Sun Jul 09 2023 15:39:20 GMT+0300 (East Africa Time)

MongoTopologyClosedError: Topology is closed
    at processWaitQueue (/var/www/html/mrwilbroad/ANGULARJS_FRAMEWORK/PROJECTA/nodeexpress/node_modules/mongodb/lib/sdam/topology.js:514:46)
    at Topology.selectServer (/var/www/html/mrwilbroad/ANGULARJS_FRAMEWORK/PROJECTA/nodeexpress/node_modules/mongodb/lib/sdam/topology.js:283:9)
    at Topology.<anonymous> (/var/www/html/mrwilbroad/ANGULARJS_FRAMEWORK/PROJECTA/nodeexpress/node_modules/mongodb/lib/sdam/topology.js:42:94)
    at node:internal/util:375:7
    at new Promise (<anonymous>)
    at Topology.selectServerAsync (node:internal/util:361:12)
    at executeOperationAsync (/var/www/html/mrwilbroad/ANGULARJS_FRAMEWORK/PROJECTA/nodeexpress/node_modules/mongodb/lib/operations/execute_operation.js:74:35)
    at /var/www/html/mrwilbroad/ANGULARJS_FRAMEWORK/PROJECTA/nodeexpress/node_modules/mongodb/lib/operations/execute_operation.js:12:45
    at maybeCallback (/var/www/html/mrwilbroad/ANGULARJS_FRAMEWORK/PROJECTA/nodeexpress/node_modules/mongodb/lib/utils.js:290:21)
    at executeOperation (/var/www/html/mrwilbroad/ANGULARJS_FRAMEWORK/PROJECTA/nodeexpress/node_modules/mongodb/lib/operations/execute_operation.js:12:38), 1688906422510-c3f3-4bb4-950f-1688906422510-Sun Jul 09 2023 15:40:22 GMT+0300 (East Africa Time)

MongoTopologyClosedError: Topology is closed
    at processWaitQueue (/var/www/html/mrwilbroad/ANGULARJS_FRAMEWORK/PROJECTA/nodeexpress/node_modules/mongodb/lib/sdam/topology.js:514:46)
    at Topology.selectServer (/var/www/html/mrwilbroad/ANGULARJS_FRAMEWORK/PROJECTA/nodeexpress/node_modules/mongodb/lib/sdam/topology.js:283:9)
    at Topology.<anonymous> (/var/www/html/mrwilbroad/ANGULARJS_FRAMEWORK/PROJECTA/nodeexpress/node_modules/mongodb/lib/sdam/topology.js:42:94)
    at node:internal/util:375:7
    at new Promise (<anonymous>)
    at Topology.selectServerAsync (node:internal/util:361:12)
    at executeOperationAsync (/var/www/html/mrwilbroad/ANGULARJS_FRAMEWORK/PROJECTA/nodeexpress/node_modules/mongodb/lib/operations/execute_operation.js:74:35)
    at /var/www/html/mrwilbroad/ANGULARJS_FRAMEWORK/PROJECTA/nodeexpress/node_modules/mongodb/lib/operations/execute_operation.js:12:45
    at maybeCallback (/var/www/html/mrwilbroad/ANGULARJS_FRAMEWORK/PROJECTA/nodeexpress/node_modules/mongodb/lib/utils.js:290:21)
    at executeOperation (/var/www/html/mrwilbroad/ANGULARJS_FRAMEWORK/PROJECTA/nodeexpress/node_modules/mongodb/lib/operations/execute_operation.js:12:38), 1688906425113-c3f3-4bb4-950f-1688906425113-Sun Jul 09 2023 15:40:25 GMT+0300 (East Africa Time)

MongoTopologyClosedError: Topology is closed
    at processWaitQueue (/var/www/html/mrwilbroad/ANGULARJS_FRAMEWORK/PROJECTA/nodeexpress/node_modules/mongodb/lib/sdam/topology.js:514:46)
    at Topology.selectServer (/var/www/html/mrwilbroad/ANGULARJS_FRAMEWORK/PROJECTA/nodeexpress/node_modules/mongodb/lib/sdam/topology.js:283:9)
    at Topology.<anonymous> (/var/www/html/mrwilbroad/ANGULARJS_FRAMEWORK/PROJECTA/nodeexpress/node_modules/mongodb/lib/sdam/topology.js:42:94)
    at node:internal/util:375:7
    at new Promise (<anonymous>)
    at Topology.selectServerAsync (node:internal/util:361:12)
    at executeOperationAsync (/var/www/html/mrwilbroad/ANGULARJS_FRAMEWORK/PROJECTA/nodeexpress/node_modules/mongodb/lib/operations/execute_operation.js:74:35)
    at /var/www/html/mrwilbroad/ANGULARJS_FRAMEWORK/PROJECTA/nodeexpress/node_modules/mongodb/lib/operations/execute_operation.js:12:45
    at maybeCallback (/var/www/html/mrwilbroad/ANGULARJS_FRAMEWORK/PROJECTA/nodeexpress/node_modules/mongodb/lib/utils.js:290:21)
    at executeOperation (/var/www/html/mrwilbroad/ANGULARJS_FRAMEWORK/PROJECTA/nodeexpress/node_modules/mongodb/lib/operations/execute_operation.js:12:38), 1688906426815-c3f3-4bb4-950f-1688906426815-Sun Jul 09 2023 15:40:26 GMT+0300 (East Africa Time)

MongoTopologyClosedError: Topology is closed
    at processWaitQueue (/var/www/html/mrwilbroad/ANGULARJS_FRAMEWORK/PROJECTA/nodeexpress/node_modules/mongodb/lib/sdam/topology.js:514:46)
    at Topology.selectServer (/var/www/html/mrwilbroad/ANGULARJS_FRAMEWORK/PROJECTA/nodeexpress/node_modules/mongodb/lib/sdam/topology.js:283:9)
    at Topology.<anonymous> (/var/www/html/mrwilbroad/ANGULARJS_FRAMEWORK/PROJECTA/nodeexpress/node_modules/mongodb/lib/sdam/topology.js:42:94)
    at node:internal/util:375:7
    at new Promise (<anonymous>)
    at Topology.selectServerAsync (node:internal/util:361:12)
    at executeOperationAsync (/var/www/html/mrwilbroad/ANGULARJS_FRAMEWORK/PROJECTA/nodeexpress/node_modules/mongodb/lib/operations/execute_operation.js:74:35)
    at /var/www/html/mrwilbroad/ANGULARJS_FRAMEWORK/PROJECTA/nodeexpress/node_modules/mongodb/lib/operations/execute_operation.js:12:45
    at maybeCallback (/var/www/html/mrwilbroad/ANGULARJS_FRAMEWORK/PROJECTA/nodeexpress/node_modules/mongodb/lib/utils.js:290:21)
    at executeOperation (/var/www/html/mrwilbroad/ANGULARJS_FRAMEWORK/PROJECTA/nodeexpress/node_modules/mongodb/lib/operations/execute_operation.js:12:38), 1688906428222-c3f3-4bb4-950f-1688906428223-Sun Jul 09 2023 15:40:28 GMT+0300 (East Africa Time)

Error: [56] being sent from request is not valid ObjectId as required!
    at validId (/var/www/html/mrwilbroad/ANGULARJS_FRAMEWORK/PROJECTA/nodeexpress/Routes/student.js:207:15)
    at /var/www/html/mrwilbroad/ANGULARJS_FRAMEWORK/PROJECTA/nodeexpress/Routes/student.js:37:15
    at Layer.handle [as handle_request] (/var/www/html/mrwilbroad/ANGULARJS_FRAMEWORK/PROJECTA/nodeexpress/node_modules/express/lib/router/layer.js:95:5)
    at next (/var/www/html/mrwilbroad/ANGULARJS_FRAMEWORK/PROJECTA/nodeexpress/node_modules/express/lib/router/route.js:144:13)
    at Route.dispatch (/var/www/html/mrwilbroad/ANGULARJS_FRAMEWORK/PROJECTA/nodeexpress/node_modules/express/lib/router/route.js:114:3)
    at Layer.handle [as handle_request] (/var/www/html/mrwilbroad/ANGULARJS_FRAMEWORK/PROJECTA/nodeexpress/node_modules/express/lib/router/layer.js:95:5)
    at /var/www/html/mrwilbroad/ANGULARJS_FRAMEWORK/PROJECTA/nodeexpress/node_modules/express/lib/router/index.js:284:15
    at param (/var/www/html/mrwilbroad/ANGULARJS_FRAMEWORK/PROJECTA/nodeexpress/node_modules/express/lib/router/index.js:365:14)
    at param (/var/www/html/mrwilbroad/ANGULARJS_FRAMEWORK/PROJECTA/nodeexpress/node_modules/express/lib/router/index.js:376:14)
    at Function.process_params (/var/www/html/mrwilbroad/ANGULARJS_FRAMEWORK/PROJECTA/nodeexpress/node_modules/express/lib/router/index.js:421:3), 1688907791784-c3f3-4bb4-950f-1688907791784-Sun Jul 09 2023 16:03:11 GMT+0300 (East Africa Time)

Error: [56] being sent from request is not valid ObjectId as required!
    at validId (/var/www/html/mrwilbroad/ANGULARJS_FRAMEWORK/PROJECTA/nodeexpress/Routes/student.js:207:15)
    at /var/www/html/mrwilbroad/ANGULARJS_FRAMEWORK/PROJECTA/nodeexpress/Routes/student.js:37:15
    at Layer.handle [as handle_request] (/var/www/html/mrwilbroad/ANGULARJS_FRAMEWORK/PROJECTA/nodeexpress/node_modules/express/lib/router/layer.js:95:5)
    at next (/var/www/html/mrwilbroad/ANGULARJS_FRAMEWORK/PROJECTA/nodeexpress/node_modules/express/lib/router/route.js:144:13)
    at Route.dispatch (/var/www/html/mrwilbroad/ANGULARJS_FRAMEWORK/PROJECTA/nodeexpress/node_modules/express/lib/router/route.js:114:3)
    at Layer.handle [as handle_request] (/var/www/html/mrwilbroad/ANGULARJS_FRAMEWORK/PROJECTA/nodeexpress/node_modules/express/lib/router/layer.js:95:5)
    at /var/www/html/mrwilbroad/ANGULARJS_FRAMEWORK/PROJECTA/nodeexpress/node_modules/express/lib/router/index.js:284:15
    at param (/var/www/html/mrwilbroad/ANGULARJS_FRAMEWORK/PROJECTA/nodeexpress/node_modules/express/lib/router/index.js:365:14)
    at param (/var/www/html/mrwilbroad/ANGULARJS_FRAMEWORK/PROJECTA/nodeexpress/node_modules/express/lib/router/index.js:376:14)
    at Function.process_params (/var/www/html/mrwilbroad/ANGULARJS_FRAMEWORK/PROJECTA/nodeexpress/node_modules/express/lib/router/index.js:421:3), 1688907812509-c3f3-4bb4-950f-1688907812509-Sun Jul 09 2023 16:03:32 GMT+0300 (East Africa Time)

Error: [56] being sent from request is not valid ObjectId as required!
    at validId (/var/www/html/mrwilbroad/ANGULARJS_FRAMEWORK/PROJECTA/nodeexpress/Routes/student.js:207:15)
    at /var/www/html/mrwilbroad/ANGULARJS_FRAMEWORK/PROJECTA/nodeexpress/Routes/student.js:37:15
    at Layer.handle [as handle_request] (/var/www/html/mrwilbroad/ANGULARJS_FRAMEWORK/PROJECTA/nodeexpress/node_modules/express/lib/router/layer.js:95:5)
    at next (/var/www/html/mrwilbroad/ANGULARJS_FRAMEWORK/PROJECTA/nodeexpress/node_modules/express/lib/router/route.js:144:13)
    at Route.dispatch (/var/www/html/mrwilbroad/ANGULARJS_FRAMEWORK/PROJECTA/nodeexpress/node_modules/express/lib/router/route.js:114:3)
    at Layer.handle [as handle_request] (/var/www/html/mrwilbroad/ANGULARJS_FRAMEWORK/PROJECTA/nodeexpress/node_modules/express/lib/router/layer.js:95:5)
    at /var/www/html/mrwilbroad/ANGULARJS_FRAMEWORK/PROJECTA/nodeexpress/node_modules/express/lib/router/index.js:284:15
    at param (/var/www/html/mrwilbroad/ANGULARJS_FRAMEWORK/PROJECTA/nodeexpress/node_modules/express/lib/router/index.js:365:14)
    at param (/var/www/html/mrwilbroad/ANGULARJS_FRAMEWORK/PROJECTA/nodeexpress/node_modules/express/lib/router/index.js:376:14)
    at Function.process_params (/var/www/html/mrwilbroad/ANGULARJS_FRAMEWORK/PROJECTA/nodeexpress/node_modules/express/lib/router/index.js:421:3), 1688907995479-c3f3-4bb4-950f-1688907995479-Sun Jul 09 2023 16:06:35 GMT+0300 (East Africa Time)

Error: [56] being sent from request is not valid ObjectId as required!
    at validId (/var/www/html/mrwilbroad/ANGULARJS_FRAMEWORK/PROJECTA/nodeexpress/Routes/student.js:207:15)
    at /var/www/html/mrwilbroad/ANGULARJS_FRAMEWORK/PROJECTA/nodeexpress/Routes/student.js:37:15
    at Layer.handle [as handle_request] (/var/www/html/mrwilbroad/ANGULARJS_FRAMEWORK/PROJECTA/nodeexpress/node_modules/express/lib/router/layer.js:95:5)
    at next (/var/www/html/mrwilbroad/ANGULARJS_FRAMEWORK/PROJECTA/nodeexpress/node_modules/express/lib/router/route.js:144:13)
    at Route.dispatch (/var/www/html/mrwilbroad/ANGULARJS_FRAMEWORK/PROJECTA/nodeexpress/node_modules/express/lib/router/route.js:114:3)
    at Layer.handle [as handle_request] (/var/www/html/mrwilbroad/ANGULARJS_FRAMEWORK/PROJECTA/nodeexpress/node_modules/express/lib/router/layer.js:95:5)
    at /var/www/html/mrwilbroad/ANGULARJS_FRAMEWORK/PROJECTA/nodeexpress/node_modules/express/lib/router/index.js:284:15
    at param (/var/www/html/mrwilbroad/ANGULARJS_FRAMEWORK/PROJECTA/nodeexpress/node_modules/express/lib/router/index.js:365:14)
    at param (/var/www/html/mrwilbroad/ANGULARJS_FRAMEWORK/PROJECTA/nodeexpress/node_modules/express/lib/router/index.js:376:14)
    at Function.process_params (/var/www/html/mrwilbroad/ANGULARJS_FRAMEWORK/PROJECTA/nodeexpress/node_modules/express/lib/router/index.js:421:3), 1688908034269-c3f3-4bb4-950f-1688908034269-Sun Jul 09 2023 16:07:14 GMT+0300 (East Africa Time)

Error: [56] being sent from request is not valid ObjectId as required!
    at validId (/var/www/html/mrwilbroad/ANGULARJS_FRAMEWORK/PROJECTA/nodeexpress/Routes/student.js:207:15)
    at /var/www/html/mrwilbroad/ANGULARJS_FRAMEWORK/PROJECTA/nodeexpress/Routes/student.js:37:15
    at Layer.handle [as handle_request] (/var/www/html/mrwilbroad/ANGULARJS_FRAMEWORK/PROJECTA/nodeexpress/node_modules/express/lib/router/layer.js:95:5)
    at next (/var/www/html/mrwilbroad/ANGULARJS_FRAMEWORK/PROJECTA/nodeexpress/node_modules/express/lib/router/route.js:144:13)
    at Route.dispatch (/var/www/html/mrwilbroad/ANGULARJS_FRAMEWORK/PROJECTA/nodeexpress/node_modules/express/lib/router/route.js:114:3)
    at Layer.handle [as handle_request] (/var/www/html/mrwilbroad/ANGULARJS_FRAMEWORK/PROJECTA/nodeexpress/node_modules/express/lib/router/layer.js:95:5)
    at /var/www/html/mrwilbroad/ANGULARJS_FRAMEWORK/PROJECTA/nodeexpress/node_modules/express/lib/router/index.js:284:15
    at param (/var/www/html/mrwilbroad/ANGULARJS_FRAMEWORK/PROJECTA/nodeexpress/node_modules/express/lib/router/index.js:365:14)
    at param (/var/www/html/mrwilbroad/ANGULARJS_FRAMEWORK/PROJECTA/nodeexpress/node_modules/express/lib/router/index.js:376:14)
    at Function.process_params (/var/www/html/mrwilbroad/ANGULARJS_FRAMEWORK/PROJECTA/nodeexpress/node_modules/express/lib/router/index.js:421:3), 1688908034946-c3f3-4bb4-950f-1688908034946-Sun Jul 09 2023 16:07:14 GMT+0300 (East Africa Time)

Error: [56] being sent from request is not valid ObjectId as required!
    at validId (/var/www/html/mrwilbroad/ANGULARJS_FRAMEWORK/PROJECTA/nodeexpress/Routes/student.js:207:15)
    at /var/www/html/mrwilbroad/ANGULARJS_FRAMEWORK/PROJECTA/nodeexpress/Routes/student.js:37:15
    at Layer.handle [as handle_request] (/var/www/html/mrwilbroad/ANGULARJS_FRAMEWORK/PROJECTA/nodeexpress/node_modules/express/lib/router/layer.js:95:5)
    at next (/var/www/html/mrwilbroad/ANGULARJS_FRAMEWORK/PROJECTA/nodeexpress/node_modules/express/lib/router/route.js:144:13)
    at Route.dispatch (/var/www/html/mrwilbroad/ANGULARJS_FRAMEWORK/PROJECTA/nodeexpress/node_modules/express/lib/router/route.js:114:3)
    at Layer.handle [as handle_request] (/var/www/html/mrwilbroad/ANGULARJS_FRAMEWORK/PROJECTA/nodeexpress/node_modules/express/lib/router/layer.js:95:5)
    at /var/www/html/mrwilbroad/ANGULARJS_FRAMEWORK/PROJECTA/nodeexpress/node_modules/express/lib/router/index.js:284:15
    at param (/var/www/html/mrwilbroad/ANGULARJS_FRAMEWORK/PROJECTA/nodeexpress/node_modules/express/lib/router/index.js:365:14)
    at param (/var/www/html/mrwilbroad/ANGULARJS_FRAMEWORK/PROJECTA/nodeexpress/node_modules/express/lib/router/index.js:376:14)
    at Function.process_params (/var/www/html/mrwilbroad/ANGULARJS_FRAMEWORK/PROJECTA/nodeexpress/node_modules/express/lib/router/index.js:421:3), 1688908046256-c3f3-4bb4-950f-1688908046256-Sun Jul 09 2023 16:07:26 GMT+0300 (East Africa Time)

***********NOT FOUND: Request from ::1 on GET /?count=100 Mon Jul 10 2023 10:15:14 GMT+0300 (East Africa Time), 1688973314716-c3f3-4bb4-950f-1688973314716-Mon Jul 10 2023 10:15:14 GMT+0300 (East Africa Time)

***********NOT FOUND: Request from ::1 on GET /?count=100 Mon Jul 10 2023 10:15:36 GMT+0300 (East Africa Time), 1688973336402-c3f3-4bb4-950f-1688973336402-Mon Jul 10 2023 10:15:36 GMT+0300 (East Africa Time)

***********NOT FOUND: Request from ::1 on GET /?count=100 Mon Jul 10 2023 10:15:43 GMT+0300 (East Africa Time), 1688973343492-c3f3-4bb4-950f-1688973343492-Mon Jul 10 2023 10:15:43 GMT+0300 (East Africa Time)

Error: [undefined] being sent from request is not valid ObjectId as required!
    at validId (/var/www/html/mrwilbroad/ANGULARJS_FRAMEWORK/PROJECTA/nodeexpress/Routes/student.js:217:15)
    at /var/www/html/mrwilbroad/ANGULARJS_FRAMEWORK/PROJECTA/nodeexpress/Routes/student.js:131:30
    at Layer.handle [as handle_request] (/var/www/html/mrwilbroad/ANGULARJS_FRAMEWORK/PROJECTA/nodeexpress/node_modules/express/lib/router/layer.js:95:5)
    at next (/var/www/html/mrwilbroad/ANGULARJS_FRAMEWORK/PROJECTA/nodeexpress/node_modules/express/lib/router/route.js:144:13)
    at Route.dispatch (/var/www/html/mrwilbroad/ANGULARJS_FRAMEWORK/PROJECTA/nodeexpress/node_modules/express/lib/router/route.js:114:3)
    at Layer.handle [as handle_request] (/var/www/html/mrwilbroad/ANGULARJS_FRAMEWORK/PROJECTA/nodeexpress/node_modules/express/lib/router/layer.js:95:5)
    at /var/www/html/mrwilbroad/ANGULARJS_FRAMEWORK/PROJECTA/nodeexpress/node_modules/express/lib/router/index.js:284:15
    at param (/var/www/html/mrwilbroad/ANGULARJS_FRAMEWORK/PROJECTA/nodeexpress/node_modules/express/lib/router/index.js:365:14)
    at param (/var/www/html/mrwilbroad/ANGULARJS_FRAMEWORK/PROJECTA/nodeexpress/node_modules/express/lib/router/index.js:376:14)
    at Function.process_params (/var/www/html/mrwilbroad/ANGULARJS_FRAMEWORK/PROJECTA/nodeexpress/node_modules/express/lib/router/index.js:421:3), 1688976204547-c3f3-4bb4-950f-1688976204547-Mon Jul 10 2023 11:03:24 GMT+0300 (East Africa Time)

MongoInvalidArgumentError: Operation "limit" requires an integer
    at FindCursor.limit (/var/www/html/mrwilbroad/ANGULARJS_FRAMEWORK/PROJECTA/nodeexpress/node_modules/mongodb/lib/cursor/find_cursor.js:358:19)
    at /var/www/html/mrwilbroad/ANGULARJS_FRAMEWORK/PROJECTA/nodeexpress/Routes/student.js:27:42
    at Layer.handle [as handle_request] (/var/www/html/mrwilbroad/ANGULARJS_FRAMEWORK/PROJECTA/nodeexpress/node_modules/express/lib/router/layer.js:95:5)
    at next (/var/www/html/mrwilbroad/ANGULARJS_FRAMEWORK/PROJECTA/nodeexpress/node_modules/express/lib/router/route.js:144:13)
    at Route.dispatch (/var/www/html/mrwilbroad/ANGULARJS_FRAMEWORK/PROJECTA/nodeexpress/node_modules/express/lib/router/route.js:114:3)
    at Layer.handle [as handle_request] (/var/www/html/mrwilbroad/ANGULARJS_FRAMEWORK/PROJECTA/nodeexpress/node_modules/express/lib/router/layer.js:95:5)
    at /var/www/html/mrwilbroad/ANGULARJS_FRAMEWORK/PROJECTA/nodeexpress/node_modules/express/lib/router/index.js:284:15
    at Function.process_params (/var/www/html/mrwilbroad/ANGULARJS_FRAMEWORK/PROJECTA/nodeexpress/node_modules/express/lib/router/index.js:346:12)
    at next (/var/www/html/mrwilbroad/ANGULARJS_FRAMEWORK/PROJECTA/nodeexpress/node_modules/express/lib/router/index.js:280:10)
    at Function.handle (/var/www/html/mrwilbroad/ANGULARJS_FRAMEWORK/PROJECTA/nodeexpress/node_modules/express/lib/router/index.js:175:3), 1688978215876-c3f3-4bb4-950f-1688978215876-Mon Jul 10 2023 11:36:55 GMT+0300 (East Africa Time)

MongoInvalidArgumentError: Operation "limit" requires an integer
    at FindCursor.limit (/var/www/html/mrwilbroad/ANGULARJS_FRAMEWORK/PROJECTA/nodeexpress/node_modules/mongodb/lib/cursor/find_cursor.js:358:19)
    at /var/www/html/mrwilbroad/ANGULARJS_FRAMEWORK/PROJECTA/nodeexpress/Routes/student.js:27:42
    at Layer.handle [as handle_request] (/var/www/html/mrwilbroad/ANGULARJS_FRAMEWORK/PROJECTA/nodeexpress/node_modules/express/lib/router/layer.js:95:5)
    at next (/var/www/html/mrwilbroad/ANGULARJS_FRAMEWORK/PROJECTA/nodeexpress/node_modules/express/lib/router/route.js:144:13)
    at Route.dispatch (/var/www/html/mrwilbroad/ANGULARJS_FRAMEWORK/PROJECTA/nodeexpress/node_modules/express/lib/router/route.js:114:3)
    at Layer.handle [as handle_request] (/var/www/html/mrwilbroad/ANGULARJS_FRAMEWORK/PROJECTA/nodeexpress/node_modules/express/lib/router/layer.js:95:5)
    at /var/www/html/mrwilbroad/ANGULARJS_FRAMEWORK/PROJECTA/nodeexpress/node_modules/express/lib/router/index.js:284:15
    at Function.process_params (/var/www/html/mrwilbroad/ANGULARJS_FRAMEWORK/PROJECTA/nodeexpress/node_modules/express/lib/router/index.js:346:12)
    at next (/var/www/html/mrwilbroad/ANGULARJS_FRAMEWORK/PROJECTA/nodeexpress/node_modules/express/lib/router/index.js:280:10)
    at Function.handle (/var/www/html/mrwilbroad/ANGULARJS_FRAMEWORK/PROJECTA/nodeexpress/node_modules/express/lib/router/index.js:175:3), 1688978219934-c3f3-4bb4-950f-1688978219934-Mon Jul 10 2023 11:36:59 GMT+0300 (East Africa Time)

MongoInvalidArgumentError: Operation "limit" requires an integer
    at FindCursor.limit (/var/www/html/mrwilbroad/ANGULARJS_FRAMEWORK/PROJECTA/nodeexpress/node_modules/mongodb/lib/cursor/find_cursor.js:358:19)
    at /var/www/html/mrwilbroad/ANGULARJS_FRAMEWORK/PROJECTA/nodeexpress/Routes/student.js:27:42
    at Layer.handle [as handle_request] (/var/www/html/mrwilbroad/ANGULARJS_FRAMEWORK/PROJECTA/nodeexpress/node_modules/express/lib/router/layer.js:95:5)
    at next (/var/www/html/mrwilbroad/ANGULARJS_FRAMEWORK/PROJECTA/nodeexpress/node_modules/express/lib/router/route.js:144:13)
    at Route.dispatch (/var/www/html/mrwilbroad/ANGULARJS_FRAMEWORK/PROJECTA/nodeexpress/node_modules/express/lib/router/route.js:114:3)
    at Layer.handle [as handle_request] (/var/www/html/mrwilbroad/ANGULARJS_FRAMEWORK/PROJECTA/nodeexpress/node_modules/express/lib/router/layer.js:95:5)
    at /var/www/html/mrwilbroad/ANGULARJS_FRAMEWORK/PROJECTA/nodeexpress/node_modules/express/lib/router/index.js:284:15
    at Function.process_params (/var/www/html/mrwilbroad/ANGULARJS_FRAMEWORK/PROJECTA/nodeexpress/node_modules/express/lib/router/index.js:346:12)
    at next (/var/www/html/mrwilbroad/ANGULARJS_FRAMEWORK/PROJECTA/nodeexpress/node_modules/express/lib/router/index.js:280:10)
    at Function.handle (/var/www/html/mrwilbroad/ANGULARJS_FRAMEWORK/PROJECTA/nodeexpress/node_modules/express/lib/router/index.js:175:3), 1688978226014-c3f3-4bb4-950f-1688978226014-Mon Jul 10 2023 11:37:06 GMT+0300 (East Africa Time)

MongoInvalidArgumentError: Operation "limit" requires an integer
    at FindCursor.limit (/var/www/html/mrwilbroad/ANGULARJS_FRAMEWORK/PROJECTA/nodeexpress/node_modules/mongodb/lib/cursor/find_cursor.js:358:19)
    at /var/www/html/mrwilbroad/ANGULARJS_FRAMEWORK/PROJECTA/nodeexpress/Routes/student.js:27:42
    at Layer.handle [as handle_request] (/var/www/html/mrwilbroad/ANGULARJS_FRAMEWORK/PROJECTA/nodeexpress/node_modules/express/lib/router/layer.js:95:5)
    at next (/var/www/html/mrwilbroad/ANGULARJS_FRAMEWORK/PROJECTA/nodeexpress/node_modules/express/lib/router/route.js:144:13)
    at Route.dispatch (/var/www/html/mrwilbroad/ANGULARJS_FRAMEWORK/PROJECTA/nodeexpress/node_modules/express/lib/router/route.js:114:3)
    at Layer.handle [as handle_request] (/var/www/html/mrwilbroad/ANGULARJS_FRAMEWORK/PROJECTA/nodeexpress/node_modules/express/lib/router/layer.js:95:5)
    at /var/www/html/mrwilbroad/ANGULARJS_FRAMEWORK/PROJECTA/nodeexpress/node_modules/express/lib/router/index.js:284:15
    at Function.process_params (/var/www/html/mrwilbroad/ANGULARJS_FRAMEWORK/PROJECTA/nodeexpress/node_modules/express/lib/router/index.js:346:12)
    at next (/var/www/html/mrwilbroad/ANGULARJS_FRAMEWORK/PROJECTA/nodeexpress/node_modules/express/lib/router/index.js:280:10)
    at Function.handle (/var/www/html/mrwilbroad/ANGULARJS_FRAMEWORK/PROJECTA/nodeexpress/node_modules/express/lib/router/index.js:175:3), 1688978232387-c3f3-4bb4-950f-1688978232387-Mon Jul 10 2023 11:37:12 GMT+0300 (East Africa Time)

MongoInvalidArgumentError: Operation "limit" requires an integer
    at FindCursor.limit (/var/www/html/mrwilbroad/ANGULARJS_FRAMEWORK/PROJECTA/nodeexpress/node_modules/mongodb/lib/cursor/find_cursor.js:358:19)
    at /var/www/html/mrwilbroad/ANGULARJS_FRAMEWORK/PROJECTA/nodeexpress/Routes/student.js:27:48
    at Layer.handle [as handle_request] (/var/www/html/mrwilbroad/ANGULARJS_FRAMEWORK/PROJECTA/nodeexpress/node_modules/express/lib/router/layer.js:95:5)
    at next (/var/www/html/mrwilbroad/ANGULARJS_FRAMEWORK/PROJECTA/nodeexpress/node_modules/express/lib/router/route.js:144:13)
    at Route.dispatch (/var/www/html/mrwilbroad/ANGULARJS_FRAMEWORK/PROJECTA/nodeexpress/node_modules/express/lib/router/route.js:114:3)
    at Layer.handle [as handle_request] (/var/www/html/mrwilbroad/ANGULARJS_FRAMEWORK/PROJECTA/nodeexpress/node_modules/express/lib/router/layer.js:95:5)
    at /var/www/html/mrwilbroad/ANGULARJS_FRAMEWORK/PROJECTA/nodeexpress/node_modules/express/lib/router/index.js:284:15
    at Function.process_params (/var/www/html/mrwilbroad/ANGULARJS_FRAMEWORK/PROJECTA/nodeexpress/node_modules/express/lib/router/index.js:346:12)
    at next (/var/www/html/mrwilbroad/ANGULARJS_FRAMEWORK/PROJECTA/nodeexpress/node_modules/express/lib/router/index.js:280:10)
    at Function.handle (/var/www/html/mrwilbroad/ANGULARJS_FRAMEWORK/PROJECTA/nodeexpress/node_modules/express/lib/router/index.js:175:3), 1688978253147-c3f3-4bb4-950f-1688978253147-Mon Jul 10 2023 11:37:33 GMT+0300 (East Africa Time)

MongoInvalidArgumentError: Operation "limit" requires an integer
    at FindCursor.limit (/var/www/html/mrwilbroad/ANGULARJS_FRAMEWORK/PROJECTA/nodeexpress/node_modules/mongodb/lib/cursor/find_cursor.js:358:19)
    at /var/www/html/mrwilbroad/ANGULARJS_FRAMEWORK/PROJECTA/nodeexpress/Routes/student.js:27:48
    at Layer.handle [as handle_request] (/var/www/html/mrwilbroad/ANGULARJS_FRAMEWORK/PROJECTA/nodeexpress/node_modules/express/lib/router/layer.js:95:5)
    at next (/var/www/html/mrwilbroad/ANGULARJS_FRAMEWORK/PROJECTA/nodeexpress/node_modules/express/lib/router/route.js:144:13)
    at Route.dispatch (/var/www/html/mrwilbroad/ANGULARJS_FRAMEWORK/PROJECTA/nodeexpress/node_modules/express/lib/router/route.js:114:3)
    at Layer.handle [as handle_request] (/var/www/html/mrwilbroad/ANGULARJS_FRAMEWORK/PROJECTA/nodeexpress/node_modules/express/lib/router/layer.js:95:5)
    at /var/www/html/mrwilbroad/ANGULARJS_FRAMEWORK/PROJECTA/nodeexpress/node_modules/express/lib/router/index.js:284:15
    at Function.process_params (/var/www/html/mrwilbroad/ANGULARJS_FRAMEWORK/PROJECTA/nodeexpress/node_modules/express/lib/router/index.js:346:12)
    at next (/var/www/html/mrwilbroad/ANGULARJS_FRAMEWORK/PROJECTA/nodeexpress/node_modules/express/lib/router/index.js:280:10)
    at Function.handle (/var/www/html/mrwilbroad/ANGULARJS_FRAMEWORK/PROJECTA/nodeexpress/node_modules/express/lib/router/index.js:175:3), 1688978255307-c3f3-4bb4-950f-1688978255307-Mon Jul 10 2023 11:37:35 GMT+0300 (East Africa Time)

MongoInvalidArgumentError: Operation "limit" requires an integer
    at FindCursor.limit (/var/www/html/mrwilbroad/ANGULARJS_FRAMEWORK/PROJECTA/nodeexpress/node_modules/mongodb/lib/cursor/find_cursor.js:358:19)
    at /var/www/html/mrwilbroad/ANGULARJS_FRAMEWORK/PROJECTA/nodeexpress/Routes/student.js:27:48
    at Layer.handle [as handle_request] (/var/www/html/mrwilbroad/ANGULARJS_FRAMEWORK/PROJECTA/nodeexpress/node_modules/express/lib/router/layer.js:95:5)
    at next (/var/www/html/mrwilbroad/ANGULARJS_FRAMEWORK/PROJECTA/nodeexpress/node_modules/express/lib/router/route.js:144:13)
    at Route.dispatch (/var/www/html/mrwilbroad/ANGULARJS_FRAMEWORK/PROJECTA/nodeexpress/node_modules/express/lib/router/route.js:114:3)
    at Layer.handle [as handle_request] (/var/www/html/mrwilbroad/ANGULARJS_FRAMEWORK/PROJECTA/nodeexpress/node_modules/express/lib/router/layer.js:95:5)
    at /var/www/html/mrwilbroad/ANGULARJS_FRAMEWORK/PROJECTA/nodeexpress/node_modules/express/lib/router/index.js:284:15
    at Function.process_params (/var/www/html/mrwilbroad/ANGULARJS_FRAMEWORK/PROJECTA/nodeexpress/node_modules/express/lib/router/index.js:346:12)
    at next (/var/www/html/mrwilbroad/ANGULARJS_FRAMEWORK/PROJECTA/nodeexpress/node_modules/express/lib/router/index.js:280:10)
    at Function.handle (/var/www/html/mrwilbroad/ANGULARJS_FRAMEWORK/PROJECTA/nodeexpress/node_modules/express/lib/router/index.js:175:3), 1688978257492-c3f3-4bb4-950f-1688978257492-Mon Jul 10 2023 11:37:37 GMT+0300 (East Africa Time)

MongoInvalidArgumentError: Operation "limit" requires an integer
    at FindCursor.limit (/var/www/html/mrwilbroad/ANGULARJS_FRAMEWORK/PROJECTA/nodeexpress/node_modules/mongodb/lib/cursor/find_cursor.js:358:19)
    at /var/www/html/mrwilbroad/ANGULARJS_FRAMEWORK/PROJECTA/nodeexpress/Routes/student.js:27:42
    at Layer.handle [as handle_request] (/var/www/html/mrwilbroad/ANGULARJS_FRAMEWORK/PROJECTA/nodeexpress/node_modules/express/lib/router/layer.js:95:5)
    at next (/var/www/html/mrwilbroad/ANGULARJS_FRAMEWORK/PROJECTA/nodeexpress/node_modules/express/lib/router/route.js:144:13)
    at Route.dispatch (/var/www/html/mrwilbroad/ANGULARJS_FRAMEWORK/PROJECTA/nodeexpress/node_modules/express/lib/router/route.js:114:3)
    at Layer.handle [as handle_request] (/var/www/html/mrwilbroad/ANGULARJS_FRAMEWORK/PROJECTA/nodeexpress/node_modules/express/lib/router/layer.js:95:5)
    at /var/www/html/mrwilbroad/ANGULARJS_FRAMEWORK/PROJECTA/nodeexpress/node_modules/express/lib/router/index.js:284:15
    at Function.process_params (/var/www/html/mrwilbroad/ANGULARJS_FRAMEWORK/PROJECTA/nodeexpress/node_modules/express/lib/router/index.js:346:12)
    at next (/var/www/html/mrwilbroad/ANGULARJS_FRAMEWORK/PROJECTA/nodeexpress/node_modules/express/lib/router/index.js:280:10)
    at Function.handle (/var/www/html/mrwilbroad/ANGULARJS_FRAMEWORK/PROJECTA/nodeexpress/node_modules/express/lib/router/index.js:175:3), 1688978274730-c3f3-4bb4-950f-1688978274730-Mon Jul 10 2023 11:37:54 GMT+0300 (East Africa Time)

MongoInvalidArgumentError: Operation "limit" requires an integer
    at FindCursor.limit (/var/www/html/mrwilbroad/ANGULARJS_FRAMEWORK/PROJECTA/nodeexpress/node_modules/mongodb/lib/cursor/find_cursor.js:358:19)
    at /var/www/html/mrwilbroad/ANGULARJS_FRAMEWORK/PROJECTA/nodeexpress/Routes/student.js:27:42
    at Layer.handle [as handle_request] (/var/www/html/mrwilbroad/ANGULARJS_FRAMEWORK/PROJECTA/nodeexpress/node_modules/express/lib/router/layer.js:95:5)
    at next (/var/www/html/mrwilbroad/ANGULARJS_FRAMEWORK/PROJECTA/nodeexpress/node_modules/express/lib/router/route.js:144:13)
    at Route.dispatch (/var/www/html/mrwilbroad/ANGULARJS_FRAMEWORK/PROJECTA/nodeexpress/node_modules/express/lib/router/route.js:114:3)
    at Layer.handle [as handle_request] (/var/www/html/mrwilbroad/ANGULARJS_FRAMEWORK/PROJECTA/nodeexpress/node_modules/express/lib/router/layer.js:95:5)
    at /var/www/html/mrwilbroad/ANGULARJS_FRAMEWORK/PROJECTA/nodeexpress/node_modules/express/lib/router/index.js:284:15
    at Function.process_params (/var/www/html/mrwilbroad/ANGULARJS_FRAMEWORK/PROJECTA/nodeexpress/node_modules/express/lib/router/index.js:346:12)
    at next (/var/www/html/mrwilbroad/ANGULARJS_FRAMEWORK/PROJECTA/nodeexpress/node_modules/express/lib/router/index.js:280:10)
    at Function.handle (/var/www/html/mrwilbroad/ANGULARJS_FRAMEWORK/PROJECTA/nodeexpress/node_modules/express/lib/router/index.js:175:3), 1688978288585-c3f3-4bb4-950f-1688978288585-Mon Jul 10 2023 11:38:08 GMT+0300 (East Africa Time)

MongoInvalidArgumentError: Operation "limit" requires an integer
    at FindCursor.limit (/var/www/html/mrwilbroad/ANGULARJS_FRAMEWORK/PROJECTA/nodeexpress/node_modules/mongodb/lib/cursor/find_cursor.js:358:19)
    at /var/www/html/mrwilbroad/ANGULARJS_FRAMEWORK/PROJECTA/nodeexpress/Routes/student.js:27:42
    at Layer.handle [as handle_request] (/var/www/html/mrwilbroad/ANGULARJS_FRAMEWORK/PROJECTA/nodeexpress/node_modules/express/lib/router/layer.js:95:5)
    at next (/var/www/html/mrwilbroad/ANGULARJS_FRAMEWORK/PROJECTA/nodeexpress/node_modules/express/lib/router/route.js:144:13)
    at Route.dispatch (/var/www/html/mrwilbroad/ANGULARJS_FRAMEWORK/PROJECTA/nodeexpress/node_modules/express/lib/router/route.js:114:3)
    at Layer.handle [as handle_request] (/var/www/html/mrwilbroad/ANGULARJS_FRAMEWORK/PROJECTA/nodeexpress/node_modules/express/lib/router/layer.js:95:5)
    at /var/www/html/mrwilbroad/ANGULARJS_FRAMEWORK/PROJECTA/nodeexpress/node_modules/express/lib/router/index.js:284:15
    at Function.process_params (/var/www/html/mrwilbroad/ANGULARJS_FRAMEWORK/PROJECTA/nodeexpress/node_modules/express/lib/router/index.js:346:12)
    at next (/var/www/html/mrwilbroad/ANGULARJS_FRAMEWORK/PROJECTA/nodeexpress/node_modules/express/lib/router/index.js:280:10)
    at Function.handle (/var/www/html/mrwilbroad/ANGULARJS_FRAMEWORK/PROJECTA/nodeexpress/node_modules/express/lib/router/index.js:175:3), 1688978289147-c3f3-4bb4-950f-1688978289147-Mon Jul 10 2023 11:38:09 GMT+0300 (East Africa Time)

MongoInvalidArgumentError: Operation "limit" requires an integer
    at FindCursor.limit (/var/www/html/mrwilbroad/ANGULARJS_FRAMEWORK/PROJECTA/nodeexpress/node_modules/mongodb/lib/cursor/find_cursor.js:358:19)
    at /var/www/html/mrwilbroad/ANGULARJS_FRAMEWORK/PROJECTA/nodeexpress/Routes/student.js:27:42
    at Layer.handle [as handle_request] (/var/www/html/mrwilbroad/ANGULARJS_FRAMEWORK/PROJECTA/nodeexpress/node_modules/express/lib/router/layer.js:95:5)
    at next (/var/www/html/mrwilbroad/ANGULARJS_FRAMEWORK/PROJECTA/nodeexpress/node_modules/express/lib/router/route.js:144:13)
    at Route.dispatch (/var/www/html/mrwilbroad/ANGULARJS_FRAMEWORK/PROJECTA/nodeexpress/node_modules/express/lib/router/route.js:114:3)
    at Layer.handle [as handle_request] (/var/www/html/mrwilbroad/ANGULARJS_FRAMEWORK/PROJECTA/nodeexpress/node_modules/express/lib/router/layer.js:95:5)
    at /var/www/html/mrwilbroad/ANGULARJS_FRAMEWORK/PROJECTA/nodeexpress/node_modules/express/lib/router/index.js:284:15
    at Function.process_params (/var/www/html/mrwilbroad/ANGULARJS_FRAMEWORK/PROJECTA/nodeexpress/node_modules/express/lib/router/index.js:346:12)
    at next (/var/www/html/mrwilbroad/ANGULARJS_FRAMEWORK/PROJECTA/nodeexpress/node_modules/express/lib/router/index.js:280:10)
    at Function.handle (/var/www/html/mrwilbroad/ANGULARJS_FRAMEWORK/PROJECTA/nodeexpress/node_modules/express/lib/router/index.js:175:3), 1688978289400-c3f3-4bb4-950f-1688978289400-Mon Jul 10 2023 11:38:09 GMT+0300 (East Africa Time)

MongoInvalidArgumentError: Operation "limit" requires an integer
    at FindCursor.limit (/var/www/html/mrwilbroad/ANGULARJS_FRAMEWORK/PROJECTA/nodeexpress/node_modules/mongodb/lib/cursor/find_cursor.js:358:19)
    at /var/www/html/mrwilbroad/ANGULARJS_FRAMEWORK/PROJECTA/nodeexpress/Routes/student.js:27:42
    at Layer.handle [as handle_request] (/var/www/html/mrwilbroad/ANGULARJS_FRAMEWORK/PROJECTA/nodeexpress/node_modules/express/lib/router/layer.js:95:5)
    at next (/var/www/html/mrwilbroad/ANGULARJS_FRAMEWORK/PROJECTA/nodeexpress/node_modules/express/lib/router/route.js:144:13)
    at Route.dispatch (/var/www/html/mrwilbroad/ANGULARJS_FRAMEWORK/PROJECTA/nodeexpress/node_modules/express/lib/router/route.js:114:3)
    at Layer.handle [as handle_request] (/var/www/html/mrwilbroad/ANGULARJS_FRAMEWORK/PROJECTA/nodeexpress/node_modules/express/lib/router/layer.js:95:5)
    at /var/www/html/mrwilbroad/ANGULARJS_FRAMEWORK/PROJECTA/nodeexpress/node_modules/express/lib/router/index.js:284:15
    at Function.process_params (/var/www/html/mrwilbroad/ANGULARJS_FRAMEWORK/PROJECTA/nodeexpress/node_modules/express/lib/router/index.js:346:12)
    at next (/var/www/html/mrwilbroad/ANGULARJS_FRAMEWORK/PROJECTA/nodeexpress/node_modules/express/lib/router/index.js:280:10)
    at Function.handle (/var/www/html/mrwilbroad/ANGULARJS_FRAMEWORK/PROJECTA/nodeexpress/node_modules/express/lib/router/index.js:175:3), 1688978289655-c3f3-4bb4-950f-1688978289655-Mon Jul 10 2023 11:38:09 GMT+0300 (East Africa Time)

MongoInvalidArgumentError: Operation "limit" requires an integer
    at FindCursor.limit (/var/www/html/mrwilbroad/ANGULARJS_FRAMEWORK/PROJECTA/nodeexpress/node_modules/mongodb/lib/cursor/find_cursor.js:358:19)
    at /var/www/html/mrwilbroad/ANGULARJS_FRAMEWORK/PROJECTA/nodeexpress/Routes/student.js:27:42
    at Layer.handle [as handle_request] (/var/www/html/mrwilbroad/ANGULARJS_FRAMEWORK/PROJECTA/nodeexpress/node_modules/express/lib/router/layer.js:95:5)
    at next (/var/www/html/mrwilbroad/ANGULARJS_FRAMEWORK/PROJECTA/nodeexpress/node_modules/express/lib/router/route.js:144:13)
    at Route.dispatch (/var/www/html/mrwilbroad/ANGULARJS_FRAMEWORK/PROJECTA/nodeexpress/node_modules/express/lib/router/route.js:114:3)
    at Layer.handle [as handle_request] (/var/www/html/mrwilbroad/ANGULARJS_FRAMEWORK/PROJECTA/nodeexpress/node_modules/express/lib/router/layer.js:95:5)
    at /var/www/html/mrwilbroad/ANGULARJS_FRAMEWORK/PROJECTA/nodeexpress/node_modules/express/lib/router/index.js:284:15
    at Function.process_params (/var/www/html/mrwilbroad/ANGULARJS_FRAMEWORK/PROJECTA/nodeexpress/node_modules/express/lib/router/index.js:346:12)
    at next (/var/www/html/mrwilbroad/ANGULARJS_FRAMEWORK/PROJECTA/nodeexpress/node_modules/express/lib/router/index.js:280:10)
    at Function.handle (/var/www/html/mrwilbroad/ANGULARJS_FRAMEWORK/PROJECTA/nodeexpress/node_modules/express/lib/router/index.js:175:3), 1688978301488-c3f3-4bb4-950f-1688978301488-Mon Jul 10 2023 11:38:21 GMT+0300 (East Africa Time)

MongoInvalidArgumentError: Operation "limit" requires an integer
    at FindCursor.limit (/var/www/html/mrwilbroad/ANGULARJS_FRAMEWORK/PROJECTA/nodeexpress/node_modules/mongodb/lib/cursor/find_cursor.js:358:19)
    at /var/www/html/mrwilbroad/ANGULARJS_FRAMEWORK/PROJECTA/nodeexpress/Routes/student.js:27:42
    at Layer.handle [as handle_request] (/var/www/html/mrwilbroad/ANGULARJS_FRAMEWORK/PROJECTA/nodeexpress/node_modules/express/lib/router/layer.js:95:5)
    at next (/var/www/html/mrwilbroad/ANGULARJS_FRAMEWORK/PROJECTA/nodeexpress/node_modules/express/lib/router/route.js:144:13)
    at Route.dispatch (/var/www/html/mrwilbroad/ANGULARJS_FRAMEWORK/PROJECTA/nodeexpress/node_modules/express/lib/router/route.js:114:3)
    at Layer.handle [as handle_request] (/var/www/html/mrwilbroad/ANGULARJS_FRAMEWORK/PROJECTA/nodeexpress/node_modules/express/lib/router/layer.js:95:5)
    at /var/www/html/mrwilbroad/ANGULARJS_FRAMEWORK/PROJECTA/nodeexpress/node_modules/express/lib/router/index.js:284:15
    at Function.process_params (/var/www/html/mrwilbroad/ANGULARJS_FRAMEWORK/PROJECTA/nodeexpress/node_modules/express/lib/router/index.js:346:12)
    at next (/var/www/html/mrwilbroad/ANGULARJS_FRAMEWORK/PROJECTA/nodeexpress/node_modules/express/lib/router/index.js:280:10)
    at Function.handle (/var/www/html/mrwilbroad/ANGULARJS_FRAMEWORK/PROJECTA/nodeexpress/node_modules/express/lib/router/index.js:175:3), 1688978301782-c3f3-4bb4-950f-1688978301782-Mon Jul 10 2023 11:38:21 GMT+0300 (East Africa Time)

MongoInvalidArgumentError: Operation "limit" requires an integer
    at FindCursor.limit (/var/www/html/mrwilbroad/ANGULARJS_FRAMEWORK/PROJECTA/nodeexpress/node_modules/mongodb/lib/cursor/find_cursor.js:358:19)
    at /var/www/html/mrwilbroad/ANGULARJS_FRAMEWORK/PROJECTA/nodeexpress/Routes/student.js:27:42
    at Layer.handle [as handle_request] (/var/www/html/mrwilbroad/ANGULARJS_FRAMEWORK/PROJECTA/nodeexpress/node_modules/express/lib/router/layer.js:95:5)
    at next (/var/www/html/mrwilbroad/ANGULARJS_FRAMEWORK/PROJECTA/nodeexpress/node_modules/express/lib/router/route.js:144:13)
    at Route.dispatch (/var/www/html/mrwilbroad/ANGULARJS_FRAMEWORK/PROJECTA/nodeexpress/node_modules/express/lib/router/route.js:114:3)
    at Layer.handle [as handle_request] (/var/www/html/mrwilbroad/ANGULARJS_FRAMEWORK/PROJECTA/nodeexpress/node_modules/express/lib/router/layer.js:95:5)
    at /var/www/html/mrwilbroad/ANGULARJS_FRAMEWORK/PROJECTA/nodeexpress/node_modules/express/lib/router/index.js:284:15
    at Function.process_params (/var/www/html/mrwilbroad/ANGULARJS_FRAMEWORK/PROJECTA/nodeexpress/node_modules/express/lib/router/index.js:346:12)
    at next (/var/www/html/mrwilbroad/ANGULARJS_FRAMEWORK/PROJECTA/nodeexpress/node_modules/express/lib/router/index.js:280:10)
    at Function.handle (/var/www/html/mrwilbroad/ANGULARJS_FRAMEWORK/PROJECTA/nodeexpress/node_modules/express/lib/router/index.js:175:3), 1688978302000-c3f3-4bb4-950f-1688978302000-Mon Jul 10 2023 11:38:22 GMT+0300 (East Africa Time)

MongoInvalidArgumentError: Operation "limit" requires an integer
    at FindCursor.limit (/var/www/html/mrwilbroad/ANGULARJS_FRAMEWORK/PROJECTA/nodeexpress/node_modules/mongodb/lib/cursor/find_cursor.js:358:19)
    at /var/www/html/mrwilbroad/ANGULARJS_FRAMEWORK/PROJECTA/nodeexpress/Routes/student.js:27:42
    at Layer.handle [as handle_request] (/var/www/html/mrwilbroad/ANGULARJS_FRAMEWORK/PROJECTA/nodeexpress/node_modules/express/lib/router/layer.js:95:5)
    at next (/var/www/html/mrwilbroad/ANGULARJS_FRAMEWORK/PROJECTA/nodeexpress/node_modules/express/lib/router/route.js:144:13)
    at Route.dispatch (/var/www/html/mrwilbroad/ANGULARJS_FRAMEWORK/PROJECTA/nodeexpress/node_modules/express/lib/router/route.js:114:3)
    at Layer.handle [as handle_request] (/var/www/html/mrwilbroad/ANGULARJS_FRAMEWORK/PROJECTA/nodeexpress/node_modules/express/lib/router/layer.js:95:5)
    at /var/www/html/mrwilbroad/ANGULARJS_FRAMEWORK/PROJECTA/nodeexpress/node_modules/express/lib/router/index.js:284:15
    at Function.process_params (/var/www/html/mrwilbroad/ANGULARJS_FRAMEWORK/PROJECTA/nodeexpress/node_modules/express/lib/router/index.js:346:12)
    at next (/var/www/html/mrwilbroad/ANGULARJS_FRAMEWORK/PROJECTA/nodeexpress/node_modules/express/lib/router/index.js:280:10)
    at Function.handle (/var/www/html/mrwilbroad/ANGULARJS_FRAMEWORK/PROJECTA/nodeexpress/node_modules/express/lib/router/index.js:175:3), 1688978303445-c3f3-4bb4-950f-1688978303445-Mon Jul 10 2023 11:38:23 GMT+0300 (East Africa Time)

MongoInvalidArgumentError: Operation "limit" requires an integer
    at FindCursor.limit (/var/www/html/mrwilbroad/ANGULARJS_FRAMEWORK/PROJECTA/nodeexpress/node_modules/mongodb/lib/cursor/find_cursor.js:358:19)
    at /var/www/html/mrwilbroad/ANGULARJS_FRAMEWORK/PROJECTA/nodeexpress/Routes/student.js:27:42
    at Layer.handle [as handle_request] (/var/www/html/mrwilbroad/ANGULARJS_FRAMEWORK/PROJECTA/nodeexpress/node_modules/express/lib/router/layer.js:95:5)
    at next (/var/www/html/mrwilbroad/ANGULARJS_FRAMEWORK/PROJECTA/nodeexpress/node_modules/express/lib/router/route.js:144:13)
    at Route.dispatch (/var/www/html/mrwilbroad/ANGULARJS_FRAMEWORK/PROJECTA/nodeexpress/node_modules/express/lib/router/route.js:114:3)
    at Layer.handle [as handle_request] (/var/www/html/mrwilbroad/ANGULARJS_FRAMEWORK/PROJECTA/nodeexpress/node_modules/express/lib/router/layer.js:95:5)
    at /var/www/html/mrwilbroad/ANGULARJS_FRAMEWORK/PROJECTA/nodeexpress/node_modules/express/lib/router/index.js:284:15
    at Function.process_params (/var/www/html/mrwilbroad/ANGULARJS_FRAMEWORK/PROJECTA/nodeexpress/node_modules/express/lib/router/index.js:346:12)
    at next (/var/www/html/mrwilbroad/ANGULARJS_FRAMEWORK/PROJECTA/nodeexpress/node_modules/express/lib/router/index.js:280:10)
    at Function.handle (/var/www/html/mrwilbroad/ANGULARJS_FRAMEWORK/PROJECTA/nodeexpress/node_modules/express/lib/router/index.js:175:3), 1688978304477-c3f3-4bb4-950f-1688978304477-Mon Jul 10 2023 11:38:24 GMT+0300 (East Africa Time)

MongoInvalidArgumentError: Operation "limit" requires an integer
    at FindCursor.limit (/var/www/html/mrwilbroad/ANGULARJS_FRAMEWORK/PROJECTA/nodeexpress/node_modules/mongodb/lib/cursor/find_cursor.js:358:19)
    at /var/www/html/mrwilbroad/ANGULARJS_FRAMEWORK/PROJECTA/nodeexpress/Routes/student.js:27:42
    at Layer.handle [as handle_request] (/var/www/html/mrwilbroad/ANGULARJS_FRAMEWORK/PROJECTA/nodeexpress/node_modules/express/lib/router/layer.js:95:5)
    at next (/var/www/html/mrwilbroad/ANGULARJS_FRAMEWORK/PROJECTA/nodeexpress/node_modules/express/lib/router/route.js:144:13)
    at Route.dispatch (/var/www/html/mrwilbroad/ANGULARJS_FRAMEWORK/PROJECTA/nodeexpress/node_modules/express/lib/router/route.js:114:3)
    at Layer.handle [as handle_request] (/var/www/html/mrwilbroad/ANGULARJS_FRAMEWORK/PROJECTA/nodeexpress/node_modules/express/lib/router/layer.js:95:5)
    at /var/www/html/mrwilbroad/ANGULARJS_FRAMEWORK/PROJECTA/nodeexpress/node_modules/express/lib/router/index.js:284:15
    at Function.process_params (/var/www/html/mrwilbroad/ANGULARJS_FRAMEWORK/PROJECTA/nodeexpress/node_modules/express/lib/router/index.js:346:12)
    at next (/var/www/html/mrwilbroad/ANGULARJS_FRAMEWORK/PROJECTA/nodeexpress/node_modules/express/lib/router/index.js:280:10)
    at Function.handle (/var/www/html/mrwilbroad/ANGULARJS_FRAMEWORK/PROJECTA/nodeexpress/node_modules/express/lib/router/index.js:175:3), 1688978304716-c3f3-4bb4-950f-1688978304716-Mon Jul 10 2023 11:38:24 GMT+0300 (East Africa Time)

MongoInvalidArgumentError: Operation "limit" requires an integer
    at FindCursor.limit (/var/www/html/mrwilbroad/ANGULARJS_FRAMEWORK/PROJECTA/nodeexpress/node_modules/mongodb/lib/cursor/find_cursor.js:358:19)
    at /var/www/html/mrwilbroad/ANGULARJS_FRAMEWORK/PROJECTA/nodeexpress/Routes/student.js:27:42
    at Layer.handle [as handle_request] (/var/www/html/mrwilbroad/ANGULARJS_FRAMEWORK/PROJECTA/nodeexpress/node_modules/express/lib/router/layer.js:95:5)
    at next (/var/www/html/mrwilbroad/ANGULARJS_FRAMEWORK/PROJECTA/nodeexpress/node_modules/express/lib/router/route.js:144:13)
    at Route.dispatch (/var/www/html/mrwilbroad/ANGULARJS_FRAMEWORK/PROJECTA/nodeexpress/node_modules/express/lib/router/route.js:114:3)
    at Layer.handle [as handle_request] (/var/www/html/mrwilbroad/ANGULARJS_FRAMEWORK/PROJECTA/nodeexpress/node_modules/express/lib/router/layer.js:95:5)
    at /var/www/html/mrwilbroad/ANGULARJS_FRAMEWORK/PROJECTA/nodeexpress/node_modules/express/lib/router/index.js:284:15
    at Function.process_params (/var/www/html/mrwilbroad/ANGULARJS_FRAMEWORK/PROJECTA/nodeexpress/node_modules/express/lib/router/index.js:346:12)
    at next (/var/www/html/mrwilbroad/ANGULARJS_FRAMEWORK/PROJECTA/nodeexpress/node_modules/express/lib/router/index.js:280:10)
    at Function.handle (/var/www/html/mrwilbroad/ANGULARJS_FRAMEWORK/PROJECTA/nodeexpress/node_modules/express/lib/router/index.js:175:3), 1688978310639-c3f3-4bb4-950f-1688978310639-Mon Jul 10 2023 11:38:30 GMT+0300 (East Africa Time)

MongoInvalidArgumentError: Operation "limit" requires an integer
    at FindCursor.limit (/var/www/html/mrwilbroad/ANGULARJS_FRAMEWORK/PROJECTA/nodeexpress/node_modules/mongodb/lib/cursor/find_cursor.js:358:19)
    at /var/www/html/mrwilbroad/ANGULARJS_FRAMEWORK/PROJECTA/nodeexpress/Routes/student.js:27:42
    at Layer.handle [as handle_request] (/var/www/html/mrwilbroad/ANGULARJS_FRAMEWORK/PROJECTA/nodeexpress/node_modules/express/lib/router/layer.js:95:5)
    at next (/var/www/html/mrwilbroad/ANGULARJS_FRAMEWORK/PROJECTA/nodeexpress/node_modules/express/lib/router/route.js:144:13)
    at Route.dispatch (/var/www/html/mrwilbroad/ANGULARJS_FRAMEWORK/PROJECTA/nodeexpress/node_modules/express/lib/router/route.js:114:3)
    at Layer.handle [as handle_request] (/var/www/html/mrwilbroad/ANGULARJS_FRAMEWORK/PROJECTA/nodeexpress/node_modules/express/lib/router/layer.js:95:5)
    at /var/www/html/mrwilbroad/ANGULARJS_FRAMEWORK/PROJECTA/nodeexpress/node_modules/express/lib/router/index.js:284:15
    at Function.process_params (/var/www/html/mrwilbroad/ANGULARJS_FRAMEWORK/PROJECTA/nodeexpress/node_modules/express/lib/router/index.js:346:12)
    at next (/var/www/html/mrwilbroad/ANGULARJS_FRAMEWORK/PROJECTA/nodeexpress/node_modules/express/lib/router/index.js:280:10)
    at Function.handle (/var/www/html/mrwilbroad/ANGULARJS_FRAMEWORK/PROJECTA/nodeexpress/node_modules/express/lib/router/index.js:175:3), 1688978310872-c3f3-4bb4-950f-1688978310872-Mon Jul 10 2023 11:38:30 GMT+0300 (East Africa Time)

MongoInvalidArgumentError: Operation "limit" requires an integer
    at FindCursor.limit (/var/www/html/mrwilbroad/ANGULARJS_FRAMEWORK/PROJECTA/nodeexpress/node_modules/mongodb/lib/cursor/find_cursor.js:358:19)
    at /var/www/html/mrwilbroad/ANGULARJS_FRAMEWORK/PROJECTA/nodeexpress/Routes/student.js:27:42
    at Layer.handle [as handle_request] (/var/www/html/mrwilbroad/ANGULARJS_FRAMEWORK/PROJECTA/nodeexpress/node_modules/express/lib/router/layer.js:95:5)
    at next (/var/www/html/mrwilbroad/ANGULARJS_FRAMEWORK/PROJECTA/nodeexpress/node_modules/express/lib/router/route.js:144:13)
    at Route.dispatch (/var/www/html/mrwilbroad/ANGULARJS_FRAMEWORK/PROJECTA/nodeexpress/node_modules/express/lib/router/route.js:114:3)
    at Layer.handle [as handle_request] (/var/www/html/mrwilbroad/ANGULARJS_FRAMEWORK/PROJECTA/nodeexpress/node_modules/express/lib/router/layer.js:95:5)
    at /var/www/html/mrwilbroad/ANGULARJS_FRAMEWORK/PROJECTA/nodeexpress/node_modules/express/lib/router/index.js:284:15
    at Function.process_params (/var/www/html/mrwilbroad/ANGULARJS_FRAMEWORK/PROJECTA/nodeexpress/node_modules/express/lib/router/index.js:346:12)
    at next (/var/www/html/mrwilbroad/ANGULARJS_FRAMEWORK/PROJECTA/nodeexpress/node_modules/express/lib/router/index.js:280:10)
    at Function.handle (/var/www/html/mrwilbroad/ANGULARJS_FRAMEWORK/PROJECTA/nodeexpress/node_modules/express/lib/router/index.js:175:3), 1688978311126-c3f3-4bb4-950f-1688978311126-Mon Jul 10 2023 11:38:31 GMT+0300 (East Africa Time)

MongoInvalidArgumentError: Operation "limit" requires an integer
    at FindCursor.limit (/var/www/html/mrwilbroad/ANGULARJS_FRAMEWORK/PROJECTA/nodeexpress/node_modules/mongodb/lib/cursor/find_cursor.js:358:19)
    at /var/www/html/mrwilbroad/ANGULARJS_FRAMEWORK/PROJECTA/nodeexpress/Routes/student.js:27:42
    at Layer.handle [as handle_request] (/var/www/html/mrwilbroad/ANGULARJS_FRAMEWORK/PROJECTA/nodeexpress/node_modules/express/lib/router/layer.js:95:5)
    at next (/var/www/html/mrwilbroad/ANGULARJS_FRAMEWORK/PROJECTA/nodeexpress/node_modules/express/lib/router/route.js:144:13)
    at Route.dispatch (/var/www/html/mrwilbroad/ANGULARJS_FRAMEWORK/PROJECTA/nodeexpress/node_modules/express/lib/router/route.js:114:3)
    at Layer.handle [as handle_request] (/var/www/html/mrwilbroad/ANGULARJS_FRAMEWORK/PROJECTA/nodeexpress/node_modules/express/lib/router/layer.js:95:5)
    at /var/www/html/mrwilbroad/ANGULARJS_FRAMEWORK/PROJECTA/nodeexpress/node_modules/express/lib/router/index.js:284:15
    at Function.process_params (/var/www/html/mrwilbroad/ANGULARJS_FRAMEWORK/PROJECTA/nodeexpress/node_modules/express/lib/router/index.js:346:12)
    at next (/var/www/html/mrwilbroad/ANGULARJS_FRAMEWORK/PROJECTA/nodeexpress/node_modules/express/lib/router/index.js:280:10)
    at Function.handle (/var/www/html/mrwilbroad/ANGULARJS_FRAMEWORK/PROJECTA/nodeexpress/node_modules/express/lib/router/index.js:175:3), 1688978313604-c3f3-4bb4-950f-1688978313604-Mon Jul 10 2023 11:38:33 GMT+0300 (East Africa Time)

MongoInvalidArgumentError: Operation "limit" requires an integer
    at FindCursor.limit (/var/www/html/mrwilbroad/ANGULARJS_FRAMEWORK/PROJECTA/nodeexpress/node_modules/mongodb/lib/cursor/find_cursor.js:358:19)
    at /var/www/html/mrwilbroad/ANGULARJS_FRAMEWORK/PROJECTA/nodeexpress/Routes/student.js:27:42
    at Layer.handle [as handle_request] (/var/www/html/mrwilbroad/ANGULARJS_FRAMEWORK/PROJECTA/nodeexpress/node_modules/express/lib/router/layer.js:95:5)
    at next (/var/www/html/mrwilbroad/ANGULARJS_FRAMEWORK/PROJECTA/nodeexpress/node_modules/express/lib/router/route.js:144:13)
    at Route.dispatch (/var/www/html/mrwilbroad/ANGULARJS_FRAMEWORK/PROJECTA/nodeexpress/node_modules/express/lib/router/route.js:114:3)
    at Layer.handle [as handle_request] (/var/www/html/mrwilbroad/ANGULARJS_FRAMEWORK/PROJECTA/nodeexpress/node_modules/express/lib/router/layer.js:95:5)
    at /var/www/html/mrwilbroad/ANGULARJS_FRAMEWORK/PROJECTA/nodeexpress/node_modules/express/lib/router/index.js:284:15
    at Function.process_params (/var/www/html/mrwilbroad/ANGULARJS_FRAMEWORK/PROJECTA/nodeexpress/node_modules/express/lib/router/index.js:346:12)
    at next (/var/www/html/mrwilbroad/ANGULARJS_FRAMEWORK/PROJECTA/nodeexpress/node_modules/express/lib/router/index.js:280:10)
    at Function.handle (/var/www/html/mrwilbroad/ANGULARJS_FRAMEWORK/PROJECTA/nodeexpress/node_modules/express/lib/router/index.js:175:3), 1688978319303-c3f3-4bb4-950f-1688978319303-Mon Jul 10 2023 11:38:39 GMT+0300 (East Africa Time)

MongoInvalidArgumentError: Operation "limit" requires an integer
    at FindCursor.limit (/var/www/html/mrwilbroad/ANGULARJS_FRAMEWORK/PROJECTA/nodeexpress/node_modules/mongodb/lib/cursor/find_cursor.js:358:19)
    at /var/www/html/mrwilbroad/ANGULARJS_FRAMEWORK/PROJECTA/nodeexpress/Routes/student.js:27:42
    at Layer.handle [as handle_request] (/var/www/html/mrwilbroad/ANGULARJS_FRAMEWORK/PROJECTA/nodeexpress/node_modules/express/lib/router/layer.js:95:5)
    at next (/var/www/html/mrwilbroad/ANGULARJS_FRAMEWORK/PROJECTA/nodeexpress/node_modules/express/lib/router/route.js:144:13)
    at Route.dispatch (/var/www/html/mrwilbroad/ANGULARJS_FRAMEWORK/PROJECTA/nodeexpress/node_modules/express/lib/router/route.js:114:3)
    at Layer.handle [as handle_request] (/var/www/html/mrwilbroad/ANGULARJS_FRAMEWORK/PROJECTA/nodeexpress/node_modules/express/lib/router/layer.js:95:5)
    at /var/www/html/mrwilbroad/ANGULARJS_FRAMEWORK/PROJECTA/nodeexpress/node_modules/express/lib/router/index.js:284:15
    at Function.process_params (/var/www/html/mrwilbroad/ANGULARJS_FRAMEWORK/PROJECTA/nodeexpress/node_modules/express/lib/router/index.js:346:12)
    at next (/var/www/html/mrwilbroad/ANGULARJS_FRAMEWORK/PROJECTA/nodeexpress/node_modules/express/lib/router/index.js:280:10)
    at Function.handle (/var/www/html/mrwilbroad/ANGULARJS_FRAMEWORK/PROJECTA/nodeexpress/node_modules/express/lib/router/index.js:175:3), 1688978344167-c3f3-4bb4-950f-1688978344167-Mon Jul 10 2023 11:39:04 GMT+0300 (East Africa Time)

MongoInvalidArgumentError: Operation "limit" requires an integer
    at FindCursor.limit (/var/www/html/mrwilbroad/ANGULARJS_FRAMEWORK/PROJECTA/nodeexpress/node_modules/mongodb/lib/cursor/find_cursor.js:358:19)
    at /var/www/html/mrwilbroad/ANGULARJS_FRAMEWORK/PROJECTA/nodeexpress/Routes/student.js:27:42
    at Layer.handle [as handle_request] (/var/www/html/mrwilbroad/ANGULARJS_FRAMEWORK/PROJECTA/nodeexpress/node_modules/express/lib/router/layer.js:95:5)
    at next (/var/www/html/mrwilbroad/ANGULARJS_FRAMEWORK/PROJECTA/nodeexpress/node_modules/express/lib/router/route.js:144:13)
    at Route.dispatch (/var/www/html/mrwilbroad/ANGULARJS_FRAMEWORK/PROJECTA/nodeexpress/node_modules/express/lib/router/route.js:114:3)
    at Layer.handle [as handle_request] (/var/www/html/mrwilbroad/ANGULARJS_FRAMEWORK/PROJECTA/nodeexpress/node_modules/express/lib/router/layer.js:95:5)
    at /var/www/html/mrwilbroad/ANGULARJS_FRAMEWORK/PROJECTA/nodeexpress/node_modules/express/lib/router/index.js:284:15
    at Function.process_params (/var/www/html/mrwilbroad/ANGULARJS_FRAMEWORK/PROJECTA/nodeexpress/node_modules/express/lib/router/index.js:346:12)
    at next (/var/www/html/mrwilbroad/ANGULARJS_FRAMEWORK/PROJECTA/nodeexpress/node_modules/express/lib/router/index.js:280:10)
    at Function.handle (/var/www/html/mrwilbroad/ANGULARJS_FRAMEWORK/PROJECTA/nodeexpress/node_modules/express/lib/router/index.js:175:3), 1688978344832-c3f3-4bb4-950f-1688978344832-Mon Jul 10 2023 11:39:04 GMT+0300 (East Africa Time)

MongoInvalidArgumentError: Operation "limit" requires an integer
    at FindCursor.limit (/var/www/html/mrwilbroad/ANGULARJS_FRAMEWORK/PROJECTA/nodeexpress/node_modules/mongodb/lib/cursor/find_cursor.js:358:19)
    at /var/www/html/mrwilbroad/ANGULARJS_FRAMEWORK/PROJECTA/nodeexpress/Routes/student.js:27:42
    at Layer.handle [as handle_request] (/var/www/html/mrwilbroad/ANGULARJS_FRAMEWORK/PROJECTA/nodeexpress/node_modules/express/lib/router/layer.js:95:5)
    at next (/var/www/html/mrwilbroad/ANGULARJS_FRAMEWORK/PROJECTA/nodeexpress/node_modules/express/lib/router/route.js:144:13)
    at Route.dispatch (/var/www/html/mrwilbroad/ANGULARJS_FRAMEWORK/PROJECTA/nodeexpress/node_modules/express/lib/router/route.js:114:3)
    at Layer.handle [as handle_request] (/var/www/html/mrwilbroad/ANGULARJS_FRAMEWORK/PROJECTA/nodeexpress/node_modules/express/lib/router/layer.js:95:5)
    at /var/www/html/mrwilbroad/ANGULARJS_FRAMEWORK/PROJECTA/nodeexpress/node_modules/express/lib/router/index.js:284:15
    at Function.process_params (/var/www/html/mrwilbroad/ANGULARJS_FRAMEWORK/PROJECTA/nodeexpress/node_modules/express/lib/router/index.js:346:12)
    at next (/var/www/html/mrwilbroad/ANGULARJS_FRAMEWORK/PROJECTA/nodeexpress/node_modules/express/lib/router/index.js:280:10)
    at Function.handle (/var/www/html/mrwilbroad/ANGULARJS_FRAMEWORK/PROJECTA/nodeexpress/node_modules/express/lib/router/index.js:175:3), 1688978346506-c3f3-4bb4-950f-1688978346506-Mon Jul 10 2023 11:39:06 GMT+0300 (East Africa Time)

MongoInvalidArgumentError: Operation "limit" requires an integer
    at FindCursor.limit (/var/www/html/mrwilbroad/ANGULARJS_FRAMEWORK/PROJECTA/nodeexpress/node_modules/mongodb/lib/cursor/find_cursor.js:358:19)
    at /var/www/html/mrwilbroad/ANGULARJS_FRAMEWORK/PROJECTA/nodeexpress/Routes/student.js:27:42
    at Layer.handle [as handle_request] (/var/www/html/mrwilbroad/ANGULARJS_FRAMEWORK/PROJECTA/nodeexpress/node_modules/express/lib/router/layer.js:95:5)
    at next (/var/www/html/mrwilbroad/ANGULARJS_FRAMEWORK/PROJECTA/nodeexpress/node_modules/express/lib/router/route.js:144:13)
    at Route.dispatch (/var/www/html/mrwilbroad/ANGULARJS_FRAMEWORK/PROJECTA/nodeexpress/node_modules/express/lib/router/route.js:114:3)
    at Layer.handle [as handle_request] (/var/www/html/mrwilbroad/ANGULARJS_FRAMEWORK/PROJECTA/nodeexpress/node_modules/express/lib/router/layer.js:95:5)
    at /var/www/html/mrwilbroad/ANGULARJS_FRAMEWORK/PROJECTA/nodeexpress/node_modules/express/lib/router/index.js:284:15
    at Function.process_params (/var/www/html/mrwilbroad/ANGULARJS_FRAMEWORK/PROJECTA/nodeexpress/node_modules/express/lib/router/index.js:346:12)
    at next (/var/www/html/mrwilbroad/ANGULARJS_FRAMEWORK/PROJECTA/nodeexpress/node_modules/express/lib/router/index.js:280:10)
    at Function.handle (/var/www/html/mrwilbroad/ANGULARJS_FRAMEWORK/PROJECTA/nodeexpress/node_modules/express/lib/router/index.js:175:3), 1688978346859-c3f3-4bb4-950f-1688978346859-Mon Jul 10 2023 11:39:06 GMT+0300 (East Africa Time)

MongoInvalidArgumentError: Operation "limit" requires an integer
    at FindCursor.limit (/var/www/html/mrwilbroad/ANGULARJS_FRAMEWORK/PROJECTA/nodeexpress/node_modules/mongodb/lib/cursor/find_cursor.js:358:19)
    at /var/www/html/mrwilbroad/ANGULARJS_FRAMEWORK/PROJECTA/nodeexpress/Routes/student.js:27:42
    at Layer.handle [as handle_request] (/var/www/html/mrwilbroad/ANGULARJS_FRAMEWORK/PROJECTA/nodeexpress/node_modules/express/lib/router/layer.js:95:5)
    at next (/var/www/html/mrwilbroad/ANGULARJS_FRAMEWORK/PROJECTA/nodeexpress/node_modules/express/lib/router/route.js:144:13)
    at Route.dispatch (/var/www/html/mrwilbroad/ANGULARJS_FRAMEWORK/PROJECTA/nodeexpress/node_modules/express/lib/router/route.js:114:3)
    at Layer.handle [as handle_request] (/var/www/html/mrwilbroad/ANGULARJS_FRAMEWORK/PROJECTA/nodeexpress/node_modules/express/lib/router/layer.js:95:5)
    at /var/www/html/mrwilbroad/ANGULARJS_FRAMEWORK/PROJECTA/nodeexpress/node_modules/express/lib/router/index.js:284:15
    at Function.process_params (/var/www/html/mrwilbroad/ANGULARJS_FRAMEWORK/PROJECTA/nodeexpress/node_modules/express/lib/router/index.js:346:12)
    at next (/var/www/html/mrwilbroad/ANGULARJS_FRAMEWORK/PROJECTA/nodeexpress/node_modules/express/lib/router/index.js:280:10)
    at Function.handle (/var/www/html/mrwilbroad/ANGULARJS_FRAMEWORK/PROJECTA/nodeexpress/node_modules/express/lib/router/index.js:175:3), 1688978347106-c3f3-4bb4-950f-1688978347106-Mon Jul 10 2023 11:39:07 GMT+0300 (East Africa Time)

MongoInvalidArgumentError: Operation "limit" requires an integer
    at FindCursor.limit (/var/www/html/mrwilbroad/ANGULARJS_FRAMEWORK/PROJECTA/nodeexpress/node_modules/mongodb/lib/cursor/find_cursor.js:358:19)
    at /var/www/html/mrwilbroad/ANGULARJS_FRAMEWORK/PROJECTA/nodeexpress/Routes/student.js:27:42
    at Layer.handle [as handle_request] (/var/www/html/mrwilbroad/ANGULARJS_FRAMEWORK/PROJECTA/nodeexpress/node_modules/express/lib/router/layer.js:95:5)
    at next (/var/www/html/mrwilbroad/ANGULARJS_FRAMEWORK/PROJECTA/nodeexpress/node_modules/express/lib/router/route.js:144:13)
    at Route.dispatch (/var/www/html/mrwilbroad/ANGULARJS_FRAMEWORK/PROJECTA/nodeexpress/node_modules/express/lib/router/route.js:114:3)
    at Layer.handle [as handle_request] (/var/www/html/mrwilbroad/ANGULARJS_FRAMEWORK/PROJECTA/nodeexpress/node_modules/express/lib/router/layer.js:95:5)
    at /var/www/html/mrwilbroad/ANGULARJS_FRAMEWORK/PROJECTA/nodeexpress/node_modules/express/lib/router/index.js:284:15
    at Function.process_params (/var/www/html/mrwilbroad/ANGULARJS_FRAMEWORK/PROJECTA/nodeexpress/node_modules/express/lib/router/index.js:346:12)
    at next (/var/www/html/mrwilbroad/ANGULARJS_FRAMEWORK/PROJECTA/nodeexpress/node_modules/express/lib/router/index.js:280:10)
    at Function.handle (/var/www/html/mrwilbroad/ANGULARJS_FRAMEWORK/PROJECTA/nodeexpress/node_modules/express/lib/router/index.js:175:3), 1688978357946-c3f3-4bb4-950f-1688978357946-Mon Jul 10 2023 11:39:17 GMT+0300 (East Africa Time)

MongoInvalidArgumentError: Operation "limit" requires an integer
    at FindCursor.limit (/var/www/html/mrwilbroad/ANGULARJS_FRAMEWORK/PROJECTA/nodeexpress/node_modules/mongodb/lib/cursor/find_cursor.js:358:19)
    at /var/www/html/mrwilbroad/ANGULARJS_FRAMEWORK/PROJECTA/nodeexpress/Routes/student.js:27:42
    at Layer.handle [as handle_request] (/var/www/html/mrwilbroad/ANGULARJS_FRAMEWORK/PROJECTA/nodeexpress/node_modules/express/lib/router/layer.js:95:5)
    at next (/var/www/html/mrwilbroad/ANGULARJS_FRAMEWORK/PROJECTA/nodeexpress/node_modules/express/lib/router/route.js:144:13)
    at Route.dispatch (/var/www/html/mrwilbroad/ANGULARJS_FRAMEWORK/PROJECTA/nodeexpress/node_modules/express/lib/router/route.js:114:3)
    at Layer.handle [as handle_request] (/var/www/html/mrwilbroad/ANGULARJS_FRAMEWORK/PROJECTA/nodeexpress/node_modules/express/lib/router/layer.js:95:5)
    at /var/www/html/mrwilbroad/ANGULARJS_FRAMEWORK/PROJECTA/nodeexpress/node_modules/express/lib/router/index.js:284:15
    at Function.process_params (/var/www/html/mrwilbroad/ANGULARJS_FRAMEWORK/PROJECTA/nodeexpress/node_modules/express/lib/router/index.js:346:12)
    at next (/var/www/html/mrwilbroad/ANGULARJS_FRAMEWORK/PROJECTA/nodeexpress/node_modules/express/lib/router/index.js:280:10)
    at Function.handle (/var/www/html/mrwilbroad/ANGULARJS_FRAMEWORK/PROJECTA/nodeexpress/node_modules/express/lib/router/index.js:175:3), 1688978360831-c3f3-4bb4-950f-1688978360831-Mon Jul 10 2023 11:39:20 GMT+0300 (East Africa Time)

MongoInvalidArgumentError: Operation "limit" requires an integer
    at FindCursor.limit (/var/www/html/mrwilbroad/ANGULARJS_FRAMEWORK/PROJECTA/nodeexpress/node_modules/mongodb/lib/cursor/find_cursor.js:358:19)
    at /var/www/html/mrwilbroad/ANGULARJS_FRAMEWORK/PROJECTA/nodeexpress/Routes/student.js:27:42
    at Layer.handle [as handle_request] (/var/www/html/mrwilbroad/ANGULARJS_FRAMEWORK/PROJECTA/nodeexpress/node_modules/express/lib/router/layer.js:95:5)
    at next (/var/www/html/mrwilbroad/ANGULARJS_FRAMEWORK/PROJECTA/nodeexpress/node_modules/express/lib/router/route.js:144:13)
    at Route.dispatch (/var/www/html/mrwilbroad/ANGULARJS_FRAMEWORK/PROJECTA/nodeexpress/node_modules/express/lib/router/route.js:114:3)
    at Layer.handle [as handle_request] (/var/www/html/mrwilbroad/ANGULARJS_FRAMEWORK/PROJECTA/nodeexpress/node_modules/express/lib/router/layer.js:95:5)
    at /var/www/html/mrwilbroad/ANGULARJS_FRAMEWORK/PROJECTA/nodeexpress/node_modules/express/lib/router/index.js:284:15
    at Function.process_params (/var/www/html/mrwilbroad/ANGULARJS_FRAMEWORK/PROJECTA/nodeexpress/node_modules/express/lib/router/index.js:346:12)
    at next (/var/www/html/mrwilbroad/ANGULARJS_FRAMEWORK/PROJECTA/nodeexpress/node_modules/express/lib/router/index.js:280:10)
    at Function.handle (/var/www/html/mrwilbroad/ANGULARJS_FRAMEWORK/PROJECTA/nodeexpress/node_modules/express/lib/router/index.js:175:3), 1688978362930-c3f3-4bb4-950f-1688978362930-Mon Jul 10 2023 11:39:22 GMT+0300 (East Africa Time)

MongoInvalidArgumentError: Operation "limit" requires an integer
    at FindCursor.limit (/var/www/html/mrwilbroad/ANGULARJS_FRAMEWORK/PROJECTA/nodeexpress/node_modules/mongodb/lib/cursor/find_cursor.js:358:19)
    at /var/www/html/mrwilbroad/ANGULARJS_FRAMEWORK/PROJECTA/nodeexpress/Routes/student.js:27:42
    at Layer.handle [as handle_request] (/var/www/html/mrwilbroad/ANGULARJS_FRAMEWORK/PROJECTA/nodeexpress/node_modules/express/lib/router/layer.js:95:5)
    at next (/var/www/html/mrwilbroad/ANGULARJS_FRAMEWORK/PROJECTA/nodeexpress/node_modules/express/lib/router/route.js:144:13)
    at Route.dispatch (/var/www/html/mrwilbroad/ANGULARJS_FRAMEWORK/PROJECTA/nodeexpress/node_modules/express/lib/router/route.js:114:3)
    at Layer.handle [as handle_request] (/var/www/html/mrwilbroad/ANGULARJS_FRAMEWORK/PROJECTA/nodeexpress/node_modules/express/lib/router/layer.js:95:5)
    at /var/www/html/mrwilbroad/ANGULARJS_FRAMEWORK/PROJECTA/nodeexpress/node_modules/express/lib/router/index.js:284:15
    at Function.process_params (/var/www/html/mrwilbroad/ANGULARJS_FRAMEWORK/PROJECTA/nodeexpress/node_modules/express/lib/router/index.js:346:12)
    at next (/var/www/html/mrwilbroad/ANGULARJS_FRAMEWORK/PROJECTA/nodeexpress/node_modules/express/lib/router/index.js:280:10)
    at Function.handle (/var/www/html/mrwilbroad/ANGULARJS_FRAMEWORK/PROJECTA/nodeexpress/node_modules/express/lib/router/index.js:175:3), 1688978363368-c3f3-4bb4-950f-1688978363368-Mon Jul 10 2023 11:39:23 GMT+0300 (East Africa Time)

MongoInvalidArgumentError: Operation "limit" requires an integer
    at FindCursor.limit (/var/www/html/mrwilbroad/ANGULARJS_FRAMEWORK/PROJECTA/nodeexpress/node_modules/mongodb/lib/cursor/find_cursor.js:358:19)
    at /var/www/html/mrwilbroad/ANGULARJS_FRAMEWORK/PROJECTA/nodeexpress/Routes/student.js:27:42
    at Layer.handle [as handle_request] (/var/www/html/mrwilbroad/ANGULARJS_FRAMEWORK/PROJECTA/nodeexpress/node_modules/express/lib/router/layer.js:95:5)
    at next (/var/www/html/mrwilbroad/ANGULARJS_FRAMEWORK/PROJECTA/nodeexpress/node_modules/express/lib/router/route.js:144:13)
    at Route.dispatch (/var/www/html/mrwilbroad/ANGULARJS_FRAMEWORK/PROJECTA/nodeexpress/node_modules/express/lib/router/route.js:114:3)
    at Layer.handle [as handle_request] (/var/www/html/mrwilbroad/ANGULARJS_FRAMEWORK/PROJECTA/nodeexpress/node_modules/express/lib/router/layer.js:95:5)
    at /var/www/html/mrwilbroad/ANGULARJS_FRAMEWORK/PROJECTA/nodeexpress/node_modules/express/lib/router/index.js:284:15
    at Function.process_params (/var/www/html/mrwilbroad/ANGULARJS_FRAMEWORK/PROJECTA/nodeexpress/node_modules/express/lib/router/index.js:346:12)
    at next (/var/www/html/mrwilbroad/ANGULARJS_FRAMEWORK/PROJECTA/nodeexpress/node_modules/express/lib/router/index.js:280:10)
    at Function.handle (/var/www/html/mrwilbroad/ANGULARJS_FRAMEWORK/PROJECTA/nodeexpress/node_modules/express/lib/router/index.js:175:3), 1688978369169-c3f3-4bb4-950f-1688978369169-Mon Jul 10 2023 11:39:29 GMT+0300 (East Africa Time)

MongoInvalidArgumentError: Operation "limit" requires an integer
    at FindCursor.limit (/var/www/html/mrwilbroad/ANGULARJS_FRAMEWORK/PROJECTA/nodeexpress/node_modules/mongodb/lib/cursor/find_cursor.js:358:19)
    at /var/www/html/mrwilbroad/ANGULARJS_FRAMEWORK/PROJECTA/nodeexpress/Routes/student.js:27:42
    at Layer.handle [as handle_request] (/var/www/html/mrwilbroad/ANGULARJS_FRAMEWORK/PROJECTA/nodeexpress/node_modules/express/lib/router/layer.js:95:5)
    at next (/var/www/html/mrwilbroad/ANGULARJS_FRAMEWORK/PROJECTA/nodeexpress/node_modules/express/lib/router/route.js:144:13)
    at Route.dispatch (/var/www/html/mrwilbroad/ANGULARJS_FRAMEWORK/PROJECTA/nodeexpress/node_modules/express/lib/router/route.js:114:3)
    at Layer.handle [as handle_request] (/var/www/html/mrwilbroad/ANGULARJS_FRAMEWORK/PROJECTA/nodeexpress/node_modules/express/lib/router/layer.js:95:5)
    at /var/www/html/mrwilbroad/ANGULARJS_FRAMEWORK/PROJECTA/nodeexpress/node_modules/express/lib/router/index.js:284:15
    at Function.process_params (/var/www/html/mrwilbroad/ANGULARJS_FRAMEWORK/PROJECTA/nodeexpress/node_modules/express/lib/router/index.js:346:12)
    at next (/var/www/html/mrwilbroad/ANGULARJS_FRAMEWORK/PROJECTA/nodeexpress/node_modules/express/lib/router/index.js:280:10)
    at Function.handle (/var/www/html/mrwilbroad/ANGULARJS_FRAMEWORK/PROJECTA/nodeexpress/node_modules/express/lib/router/index.js:175:3), 1688978369427-c3f3-4bb4-950f-1688978369427-Mon Jul 10 2023 11:39:29 GMT+0300 (East Africa Time)

MongoInvalidArgumentError: Operation "limit" requires an integer
    at FindCursor.limit (/var/www/html/mrwilbroad/ANGULARJS_FRAMEWORK/PROJECTA/nodeexpress/node_modules/mongodb/lib/cursor/find_cursor.js:358:19)
    at /var/www/html/mrwilbroad/ANGULARJS_FRAMEWORK/PROJECTA/nodeexpress/Routes/student.js:27:42
    at Layer.handle [as handle_request] (/var/www/html/mrwilbroad/ANGULARJS_FRAMEWORK/PROJECTA/nodeexpress/node_modules/express/lib/router/layer.js:95:5)
    at next (/var/www/html/mrwilbroad/ANGULARJS_FRAMEWORK/PROJECTA/nodeexpress/node_modules/express/lib/router/route.js:144:13)
    at Route.dispatch (/var/www/html/mrwilbroad/ANGULARJS_FRAMEWORK/PROJECTA/nodeexpress/node_modules/express/lib/router/route.js:114:3)
    at Layer.handle [as handle_request] (/var/www/html/mrwilbroad/ANGULARJS_FRAMEWORK/PROJECTA/nodeexpress/node_modules/express/lib/router/layer.js:95:5)
    at /var/www/html/mrwilbroad/ANGULARJS_FRAMEWORK/PROJECTA/nodeexpress/node_modules/express/lib/router/index.js:284:15
    at Function.process_params (/var/www/html/mrwilbroad/ANGULARJS_FRAMEWORK/PROJECTA/nodeexpress/node_modules/express/lib/router/index.js:346:12)
    at next (/var/www/html/mrwilbroad/ANGULARJS_FRAMEWORK/PROJECTA/nodeexpress/node_modules/express/lib/router/index.js:280:10)
    at Function.handle (/var/www/html/mrwilbroad/ANGULARJS_FRAMEWORK/PROJECTA/nodeexpress/node_modules/express/lib/router/index.js:175:3), 1688978369647-c3f3-4bb4-950f-1688978369647-Mon Jul 10 2023 11:39:29 GMT+0300 (East Africa Time)

MongoInvalidArgumentError: Operation "limit" requires an integer
    at FindCursor.limit (/var/www/html/mrwilbroad/ANGULARJS_FRAMEWORK/PROJECTA/nodeexpress/node_modules/mongodb/lib/cursor/find_cursor.js:358:19)
    at /var/www/html/mrwilbroad/ANGULARJS_FRAMEWORK/PROJECTA/nodeexpress/Routes/student.js:27:42
    at Layer.handle [as handle_request] (/var/www/html/mrwilbroad/ANGULARJS_FRAMEWORK/PROJECTA/nodeexpress/node_modules/express/lib/router/layer.js:95:5)
    at next (/var/www/html/mrwilbroad/ANGULARJS_FRAMEWORK/PROJECTA/nodeexpress/node_modules/express/lib/router/route.js:144:13)
    at Route.dispatch (/var/www/html/mrwilbroad/ANGULARJS_FRAMEWORK/PROJECTA/nodeexpress/node_modules/express/lib/router/route.js:114:3)
    at Layer.handle [as handle_request] (/var/www/html/mrwilbroad/ANGULARJS_FRAMEWORK/PROJECTA/nodeexpress/node_modules/express/lib/router/layer.js:95:5)
    at /var/www/html/mrwilbroad/ANGULARJS_FRAMEWORK/PROJECTA/nodeexpress/node_modules/express/lib/router/index.js:284:15
    at Function.process_params (/var/www/html/mrwilbroad/ANGULARJS_FRAMEWORK/PROJECTA/nodeexpress/node_modules/express/lib/router/index.js:346:12)
    at next (/var/www/html/mrwilbroad/ANGULARJS_FRAMEWORK/PROJECTA/nodeexpress/node_modules/express/lib/router/index.js:280:10)
    at Function.handle (/var/www/html/mrwilbroad/ANGULARJS_FRAMEWORK/PROJECTA/nodeexpress/node_modules/express/lib/router/index.js:175:3), 1688978377846-c3f3-4bb4-950f-1688978377846-Mon Jul 10 2023 11:39:37 GMT+0300 (East Africa Time)

MongoInvalidArgumentError: Operation "limit" requires an integer
    at FindCursor.limit (/var/www/html/mrwilbroad/ANGULARJS_FRAMEWORK/PROJECTA/nodeexpress/node_modules/mongodb/lib/cursor/find_cursor.js:358:19)
    at /var/www/html/mrwilbroad/ANGULARJS_FRAMEWORK/PROJECTA/nodeexpress/Routes/student.js:27:42
    at Layer.handle [as handle_request] (/var/www/html/mrwilbroad/ANGULARJS_FRAMEWORK/PROJECTA/nodeexpress/node_modules/express/lib/router/layer.js:95:5)
    at next (/var/www/html/mrwilbroad/ANGULARJS_FRAMEWORK/PROJECTA/nodeexpress/node_modules/express/lib/router/route.js:144:13)
    at Route.dispatch (/var/www/html/mrwilbroad/ANGULARJS_FRAMEWORK/PROJECTA/nodeexpress/node_modules/express/lib/router/route.js:114:3)
    at Layer.handle [as handle_request] (/var/www/html/mrwilbroad/ANGULARJS_FRAMEWORK/PROJECTA/nodeexpress/node_modules/express/lib/router/layer.js:95:5)
    at /var/www/html/mrwilbroad/ANGULARJS_FRAMEWORK/PROJECTA/nodeexpress/node_modules/express/lib/router/index.js:284:15
    at Function.process_params (/var/www/html/mrwilbroad/ANGULARJS_FRAMEWORK/PROJECTA/nodeexpress/node_modules/express/lib/router/index.js:346:12)
    at next (/var/www/html/mrwilbroad/ANGULARJS_FRAMEWORK/PROJECTA/nodeexpress/node_modules/express/lib/router/index.js:280:10)
    at Function.handle (/var/www/html/mrwilbroad/ANGULARJS_FRAMEWORK/PROJECTA/nodeexpress/node_modules/express/lib/router/index.js:175:3), 1688978422817-c3f3-4bb4-950f-1688978422817-Mon Jul 10 2023 11:40:22 GMT+0300 (East Africa Time)

MongoServerSelectionError: connect ECONNREFUSED 127.0.0.1:27017
    at Timeout._onTimeout (/var/www/html/mrwilbroad/ANGULARJS_FRAMEWORK/PROJECTA/nodeexpress/node_modules/mongodb/lib/sdam/topology.js:278:38)
    at listOnTimeout (node:internal/timers:569:17)
    at process.processTimers (node:internal/timers:512:7), 1689016036310-c3f3-4bb4-950f-1689016036310-Mon Jul 10 2023 22:07:16 GMT+0300 (East Africa Time)

MongoTopologyClosedError: Topology is closed
    at processWaitQueue (/var/www/html/mrwilbroad/ANGULARJS_FRAMEWORK/PROJECTA/nodeexpress/node_modules/mongodb/lib/sdam/topology.js:514:46)
    at Topology.selectServer (/var/www/html/mrwilbroad/ANGULARJS_FRAMEWORK/PROJECTA/nodeexpress/node_modules/mongodb/lib/sdam/topology.js:283:9)
    at Topology.<anonymous> (/var/www/html/mrwilbroad/ANGULARJS_FRAMEWORK/PROJECTA/nodeexpress/node_modules/mongodb/lib/sdam/topology.js:42:94)
    at node:internal/util:375:7
    at new Promise (<anonymous>)
    at Topology.selectServerAsync (node:internal/util:361:12)
    at executeOperationAsync (/var/www/html/mrwilbroad/ANGULARJS_FRAMEWORK/PROJECTA/nodeexpress/node_modules/mongodb/lib/operations/execute_operation.js:74:35)
    at /var/www/html/mrwilbroad/ANGULARJS_FRAMEWORK/PROJECTA/nodeexpress/node_modules/mongodb/lib/operations/execute_operation.js:12:45
    at maybeCallback (/var/www/html/mrwilbroad/ANGULARJS_FRAMEWORK/PROJECTA/nodeexpress/node_modules/mongodb/lib/utils.js:290:21)
    at executeOperation (/var/www/html/mrwilbroad/ANGULARJS_FRAMEWORK/PROJECTA/nodeexpress/node_modules/mongodb/lib/operations/execute_operation.js:12:38), 1689016082826-c3f3-4bb4-950f-1689016082826-Mon Jul 10 2023 22:08:02 GMT+0300 (East Africa Time)

MongoTopologyClosedError: Topology is closed
    at processWaitQueue (/var/www/html/mrwilbroad/ANGULARJS_FRAMEWORK/PROJECTA/nodeexpress/node_modules/mongodb/lib/sdam/topology.js:514:46)
    at Topology.selectServer (/var/www/html/mrwilbroad/ANGULARJS_FRAMEWORK/PROJECTA/nodeexpress/node_modules/mongodb/lib/sdam/topology.js:283:9)
    at Topology.<anonymous> (/var/www/html/mrwilbroad/ANGULARJS_FRAMEWORK/PROJECTA/nodeexpress/node_modules/mongodb/lib/sdam/topology.js:42:94)
    at node:internal/util:375:7
    at new Promise (<anonymous>)
    at Topology.selectServerAsync (node:internal/util:361:12)
    at executeOperationAsync (/var/www/html/mrwilbroad/ANGULARJS_FRAMEWORK/PROJECTA/nodeexpress/node_modules/mongodb/lib/operations/execute_operation.js:74:35)
    at /var/www/html/mrwilbroad/ANGULARJS_FRAMEWORK/PROJECTA/nodeexpress/node_modules/mongodb/lib/operations/execute_operation.js:12:45
    at maybeCallback (/var/www/html/mrwilbroad/ANGULARJS_FRAMEWORK/PROJECTA/nodeexpress/node_modules/mongodb/lib/utils.js:290:21)
    at executeOperation (/var/www/html/mrwilbroad/ANGULARJS_FRAMEWORK/PROJECTA/nodeexpress/node_modules/mongodb/lib/operations/execute_operation.js:12:38), 1689016085464-c3f3-4bb4-950f-1689016085464-Mon Jul 10 2023 22:08:05 GMT+0300 (East Africa Time)

***********NOT FOUND: Request from ::1 on GET /storage/man.jpg Mon Jul 10 2023 22:18:51 GMT+0300 (East Africa Time), 1689016731033-c3f3-4bb4-950f-1689016731033-Mon Jul 10 2023 22:18:51 GMT+0300 (East Africa Time)

***********NOT FOUND: Request from ::1 on POST / Mon Jul 10 2023 23:56:12 GMT+0300 (East Africa Time), 1689022572970-c3f3-4bb4-950f-1689022572970-Mon Jul 10 2023 23:56:12 GMT+0300 (East Africa Time)

***********NOT FOUND: Request from ::1 on GET /favicon.ico Tue Jul 11 2023 00:24:11 GMT+0300 (East Africa Time), 1689024251320-c3f3-4bb4-950f-1689024251320-Tue Jul 11 2023 00:24:11 GMT+0300 (East Africa Time)

***********NOT FOUND: Request from ::1 on GET /test.jpg Tue Jul 11 2023 02:22:03 GMT+0300 (East Africa Time), 1689031323215-c3f3-4bb4-950f-1689031323215-Tue Jul 11 2023 02:22:03 GMT+0300 (East Africa Time)

***********NOT FOUND: Request from ::1 on GET /favicon.ico Tue Jul 11 2023 11:24:39 GMT+0300 (East Africa Time), 1689063879944-c3f3-4bb4-950f-1689063879944-Tue Jul 11 2023 11:24:39 GMT+0300 (East Africa Time)

